[2018-04-16 22:02][8]: Undefined index: _app<br> File: /data/codes/queryphp/vendor/hunzhiwange/framework/src/Queryyetsimple/Router/Router.php<br> Line: 309 []
[2018-04-16 22:02][8]: Undefined index: _app<br> File: /data/codes/queryphp/vendor/hunzhiwange/framework/src/Queryyetsimple/Router/Router.php<br> Line: 309 []
[2018-04-16 22:02][8]: Undefined index: _app<br> File: /data/codes/queryphp/vendor/hunzhiwange/framework/src/Queryyetsimple/Router/Router.php<br> Line: 309 []
[2018-04-16 22:02][8]: Undefined index: _app<br> File: /data/codes/queryphp/vendor/hunzhiwange/framework/src/Queryyetsimple/Router/Router.php<br> Line: 309 []
[2018-04-16 22:02][8]: Undefined index: _app<br> File: /data/codes/queryphp/vendor/hunzhiwange/framework/src/Queryyetsimple/Router/Router.php<br> Line: 309 []
[2018-04-16 22:02][8]: Undefined index: _app<br> File: /data/codes/queryphp/vendor/hunzhiwange/framework/src/Queryyetsimple/Router/Router.php<br> Line: 309 []
[2018-04-16 22:02][8]: Undefined index: _app<br> File: /data/codes/queryphp/vendor/hunzhiwange/framework/src/Queryyetsimple/Router/Router.php<br> Line: 309 []
[2018-04-16 22:02][8]: Undefined index: _app<br> File: /data/codes/queryphp/vendor/hunzhiwange/framework/src/Queryyetsimple/Router/Router.php<br> Line: 309 []
[2018-04-16 22:02][8]: Undefined index: _app<br> File: /data/codes/queryphp/vendor/hunzhiwange/framework/src/Queryyetsimple/Router/Router.php<br> Line: 309 []
[2018-04-16 22:02][0] The node \App\Controller\Pet->findByStatus() is not registered. Router.php line 1109 []
[2018-04-16 22:02][8]: Undefined index: _app<br> File: /data/codes/queryphp/vendor/hunzhiwange/framework/src/Queryyetsimple/Router/Router.php<br> Line: 309 []
[2018-04-16 22:02][8]: Undefined index: _app<br> File: /data/codes/queryphp/vendor/hunzhiwange/framework/src/Queryyetsimple/Router/Router.php<br> Line: 309 []
[2018-04-16 22:02][8]: Undefined index: _app<br> File: /data/codes/queryphp/vendor/hunzhiwange/framework/src/Queryyetsimple/Router/Router.php<br> Line: 309 []
[2018-04-16 22:02][8]: Undefined index: _app<br> File: /data/codes/queryphp/vendor/hunzhiwange/framework/src/Queryyetsimple/Router/Router.php<br> Line: 309 []
[2018-04-16 22:02][8]: Undefined index: _app<br> File: /data/codes/queryphp/vendor/hunzhiwange/framework/src/Queryyetsimple/Router/Router.php<br> Line: 309 []
[2018-04-16 22:02][8]: Undefined index: _app<br> File: /data/codes/queryphp/vendor/hunzhiwange/framework/src/Queryyetsimple/Router/Router.php<br> Line: 309 []
[2018-04-16 22:02][8]: Undefined index: _app<br> File: /data/codes/queryphp/vendor/hunzhiwange/framework/src/Queryyetsimple/Router/Router.php<br> Line: 309 []
[2018-04-16 22:02][8]: Undefined index: _app<br> File: /data/codes/queryphp/vendor/hunzhiwange/framework/src/Queryyetsimple/Router/Router.php<br> Line: 309 []
[2018-04-16 22:02][8]: Undefined index: _app<br> File: /data/codes/queryphp/vendor/hunzhiwange/framework/src/Queryyetsimple/Router/Router.php<br> Line: 309 []
[2018-04-16 22:02][0] The node \App\Controller\Pet->findByStatus() is not registered. Router.php line 1109 []
[2018-04-16 22:04][8]: Undefined index: _app<br> File: /data/codes/queryphp/vendor/hunzhiwange/framework/src/Queryyetsimple/Router/Router.php<br> Line: 309 []
[2018-04-16 22:04][8]: Undefined index: _app<br> File: /data/codes/queryphp/vendor/hunzhiwange/framework/src/Queryyetsimple/Router/Router.php<br> Line: 309 []
[2018-04-16 22:04][8]: Undefined index: _app<br> File: /data/codes/queryphp/vendor/hunzhiwange/framework/src/Queryyetsimple/Router/Router.php<br> Line: 309 []
[2018-04-16 22:04][8]: Undefined index: _app<br> File: /data/codes/queryphp/vendor/hunzhiwange/framework/src/Queryyetsimple/Router/Router.php<br> Line: 309 []
[2018-04-16 22:04][8]: Undefined index: _app<br> File: /data/codes/queryphp/vendor/hunzhiwange/framework/src/Queryyetsimple/Router/Router.php<br> Line: 309 []
[2018-04-16 22:04][8]: Undefined index: _app<br> File: /data/codes/queryphp/vendor/hunzhiwange/framework/src/Queryyetsimple/Router/Router.php<br> Line: 309 []
[2018-04-16 22:04][8]: Undefined index: _app<br> File: /data/codes/queryphp/vendor/hunzhiwange/framework/src/Queryyetsimple/Router/Router.php<br> Line: 309 []
[2018-04-16 22:04][8]: Undefined index: _app<br> File: /data/codes/queryphp/vendor/hunzhiwange/framework/src/Queryyetsimple/Router/Router.php<br> Line: 309 []
[2018-04-16 22:04][8]: Undefined index: _app<br> File: /data/codes/queryphp/vendor/hunzhiwange/framework/src/Queryyetsimple/Router/Router.php<br> Line: 309 []
[2018-04-16 22:04][0] The node \App\Controller\Pet->findByStatus() is not registered. Router.php line 1109 []
[2018-04-16 22:04][8]: Undefined index: _app<br> File: /data/codes/queryphp/vendor/hunzhiwange/framework/src/Queryyetsimple/Router/Router.php<br> Line: 309 []
[2018-04-16 22:04][8]: Undefined index: _app<br> File: /data/codes/queryphp/vendor/hunzhiwange/framework/src/Queryyetsimple/Router/Router.php<br> Line: 309 []
[2018-04-16 22:04][8]: Undefined index: _app<br> File: /data/codes/queryphp/vendor/hunzhiwange/framework/src/Queryyetsimple/Router/Router.php<br> Line: 309 []
[2018-04-16 22:04][8]: Undefined index: _app<br> File: /data/codes/queryphp/vendor/hunzhiwange/framework/src/Queryyetsimple/Router/Router.php<br> Line: 309 []
[2018-04-16 22:04][8]: Undefined index: _app<br> File: /data/codes/queryphp/vendor/hunzhiwange/framework/src/Queryyetsimple/Router/Router.php<br> Line: 309 []
[2018-04-16 22:04][8]: Undefined index: _app<br> File: /data/codes/queryphp/vendor/hunzhiwange/framework/src/Queryyetsimple/Router/Router.php<br> Line: 309 []
[2018-04-16 22:04][8]: Undefined index: _app<br> File: /data/codes/queryphp/vendor/hunzhiwange/framework/src/Queryyetsimple/Router/Router.php<br> Line: 309 []
[2018-04-16 22:04][8]: Undefined index: _app<br> File: /data/codes/queryphp/vendor/hunzhiwange/framework/src/Queryyetsimple/Router/Router.php<br> Line: 309 []
[2018-04-16 22:04][8]: Undefined index: _app<br> File: /data/codes/queryphp/vendor/hunzhiwange/framework/src/Queryyetsimple/Router/Router.php<br> Line: 309 []
[2018-04-16 22:04][0] The node \App\Controller\Pet->findByStatus() is not registered. Router.php line 1109 []
[2018-04-16 22:04][8]: Undefined index: _app<br> File: /data/codes/queryphp/vendor/hunzhiwange/framework/src/Queryyetsimple/Router/Router.php<br> Line: 309 []
[2018-04-16 22:04][8]: Undefined index: _app<br> File: /data/codes/queryphp/vendor/hunzhiwange/framework/src/Queryyetsimple/Router/Router.php<br> Line: 309 []
[2018-04-16 22:04][8]: Undefined index: _app<br> File: /data/codes/queryphp/vendor/hunzhiwange/framework/src/Queryyetsimple/Router/Router.php<br> Line: 309 []
[2018-04-16 22:04][8]: Undefined index: _app<br> File: /data/codes/queryphp/vendor/hunzhiwange/framework/src/Queryyetsimple/Router/Router.php<br> Line: 309 []
[2018-04-16 22:04][8]: Undefined index: _app<br> File: /data/codes/queryphp/vendor/hunzhiwange/framework/src/Queryyetsimple/Router/Router.php<br> Line: 309 []
[2018-04-16 22:04][8]: Undefined index: _app<br> File: /data/codes/queryphp/vendor/hunzhiwange/framework/src/Queryyetsimple/Router/Router.php<br> Line: 309 []
[2018-04-16 22:04][8]: Undefined index: _app<br> File: /data/codes/queryphp/vendor/hunzhiwange/framework/src/Queryyetsimple/Router/Router.php<br> Line: 309 []
[2018-04-16 22:04][8]: Undefined index: _app<br> File: /data/codes/queryphp/vendor/hunzhiwange/framework/src/Queryyetsimple/Router/Router.php<br> Line: 309 []
[2018-04-16 22:04][8]: Undefined index: _app<br> File: /data/codes/queryphp/vendor/hunzhiwange/framework/src/Queryyetsimple/Router/Router.php<br> Line: 309 []
[2018-04-16 22:04][8]: Undefined index: _app<br> File: /data/codes/queryphp/vendor/hunzhiwange/framework/src/Queryyetsimple/Router/Router.php<br> Line: 309 []
[2018-04-16 22:04][8]: Undefined index: _app<br> File: /data/codes/queryphp/vendor/hunzhiwange/framework/src/Queryyetsimple/Router/Router.php<br> Line: 309 []
[2018-04-16 22:04][0] The node \App\Controller\Pet->findByStatus() is not registered. Router.php line 1109 []
[2018-04-16 22:04][8]: Undefined index: _app<br> File: /data/codes/queryphp/vendor/hunzhiwange/framework/src/Queryyetsimple/Router/Router.php<br> Line: 309 []
[2018-04-16 22:06][0] The node Group\App\Controller\Blog->list() is not registered. Router.php line 1109 []
[2018-04-16 22:25][0] The node Group\App\Controller\Blog->list() is not registered. Router.php line 1109 []
[2018-04-16 22:26][0] The node Group\App\Controller\Blog->list() is not registered. Router.php line 1109 []
[2018-04-16 22:27][0] The node Group\App\Controller\Blog->list() is not registered. Router.php line 1111 []
[2018-04-16 22:49][0] Method scheme is not exits. TMacro.php line 102 []
[2018-04-16 22:50][0] Method scheme is not exits. TMacro.php line 102 []
[2018-04-16 22:55][2]: var_dump() expects at least 1 parameter, 0 given<br> File: /data/codes/queryphp/vendor/hunzhiwange/framework/src/Queryyetsimple/Router/Match/PathInfo.php<br> Line: 131 []
[2018-04-16 22:55][2]: var_dump() expects at least 1 parameter, 0 given<br> File: /data/codes/queryphp/vendor/hunzhiwange/framework/src/Queryyetsimple/Router/Match/PathInfo.php<br> Line: 131 []
[2018-04-16 22:55][2]: var_dump() expects at least 1 parameter, 0 given<br> File: /data/codes/queryphp/vendor/hunzhiwange/framework/src/Queryyetsimple/Router/Match/PathInfo.php<br> Line: 131 []
