[2018-04-10 20:32][8]: Uninitialized string offset: 1<br> File: /data/codes/queryphp/vendor/hunzhiwange/framework/src/Queryyetsimple/Router/Match/Url.php<br> Line: 106 []
[2018-04-10 20:32][8]: Undefined index: _<br> File: /data/codes/queryphp/vendor/hunzhiwange/framework/src/Queryyetsimple/Router/Match/Url.php<br> Line: 136 []
[2018-04-10 20:32][2]: Invalid argument supplied for foreach()<br> File: /data/codes/queryphp/vendor/hunzhiwange/framework/src/Queryyetsimple/Router/Match/Url.php<br> Line: 152 []
[2018-04-10 20:32][8]: Undefined index: _app<br> File: /data/codes/queryphp/vendor/hunzhiwange/framework/src/Queryyetsimple/Router/Router.php<br> Line: 296 []
[2018-04-10 20:32][8]: Undefined index: _c<br> File: /data/codes/queryphp/vendor/hunzhiwange/framework/src/Queryyetsimple/Router/Router.php<br> Line: 316 []
[2018-04-10 20:32][8]: Undefined index: _a<br> File: /data/codes/queryphp/vendor/hunzhiwange/framework/src/Queryyetsimple/Router/Router.php<br> Line: 336 []
[2018-04-10 20:32][8]: Undefined index: _app<br> File: /data/codes/queryphp/vendor/hunzhiwange/framework/src/Queryyetsimple/Router/Router.php<br> Line: 296 []
[2018-04-10 20:32][8]: Undefined index: _c<br> File: /data/codes/queryphp/vendor/hunzhiwange/framework/src/Queryyetsimple/Router/Router.php<br> Line: 316 []
[2018-04-10 20:32][8]: Undefined index: _a<br> File: /data/codes/queryphp/vendor/hunzhiwange/framework/src/Queryyetsimple/Router/Router.php<br> Line: 336 []
[2018-04-10 20:32][8]: Undefined index: _app<br> File: /data/codes/queryphp/vendor/hunzhiwange/framework/src/Queryyetsimple/Router/Router.php<br> Line: 296 []
[2018-04-10 20:32][8]: Undefined index: _c<br> File: /data/codes/queryphp/vendor/hunzhiwange/framework/src/Queryyetsimple/Router/Router.php<br> Line: 316 []
[2018-04-10 20:32][8]: Undefined index: _a<br> File: /data/codes/queryphp/vendor/hunzhiwange/framework/src/Queryyetsimple/Router/Router.php<br> Line: 336 []
[2018-04-10 20:32][8]: Undefined index: _app<br> File: /data/codes/queryphp/vendor/hunzhiwange/framework/src/Queryyetsimple/Router/Router.php<br> Line: 296 []
[2018-04-10 20:32][8]: Undefined index: _c<br> File: /data/codes/queryphp/vendor/hunzhiwange/framework/src/Queryyetsimple/Router/Router.php<br> Line: 316 []
[2018-04-10 20:32][8]: Undefined index: _a<br> File: /data/codes/queryphp/vendor/hunzhiwange/framework/src/Queryyetsimple/Router/Router.php<br> Line: 336 []
[2018-04-10 20:32][8]: Undefined index: _app<br> File: /data/codes/queryphp/vendor/hunzhiwange/framework/src/Queryyetsimple/Router/Router.php<br> Line: 296 []
[2018-04-10 20:32][8]: Undefined index: _app<br> File: /data/codes/queryphp/vendor/hunzhiwange/framework/src/Queryyetsimple/Router/Router.php<br> Line: 296 []
[2018-04-10 20:32][8]: Undefined index: _c<br> File: /data/codes/queryphp/vendor/hunzhiwange/framework/src/Queryyetsimple/Router/Router.php<br> Line: 316 []
[2018-04-10 20:32][8]: Undefined index: _a<br> File: /data/codes/queryphp/vendor/hunzhiwange/framework/src/Queryyetsimple/Router/Router.php<br> Line: 336 []
[2018-04-10 20:32][8]: Undefined index: _app<br> File: /data/codes/queryphp/vendor/hunzhiwange/framework/src/Queryyetsimple/Router/Router.php<br> Line: 296 []
[2018-04-10 20:32][8]: Undefined index: _c<br> File: /data/codes/queryphp/vendor/hunzhiwange/framework/src/Queryyetsimple/Router/Router.php<br> Line: 316 []
[2018-04-10 20:32][8]: Undefined index: _a<br> File: /data/codes/queryphp/vendor/hunzhiwange/framework/src/Queryyetsimple/Router/Router.php<br> Line: 336 []
[2018-04-10 20:32][8]: Undefined index: _c<br> File: /data/codes/queryphp/vendor/hunzhiwange/framework/src/Queryyetsimple/Router/Router.php<br> Line: 316 []
[2018-04-10 20:32][8]: Undefined index: _a<br> File: /data/codes/queryphp/vendor/hunzhiwange/framework/src/Queryyetsimple/Router/Router.php<br> Line: 336 []
[2018-04-10 20:32][8]: Undefined index: _c<br> File: /data/codes/queryphp/vendor/hunzhiwange/framework/src/Queryyetsimple/Router/Router.php<br> Line: 316 []
[2018-04-10 20:32][8]: Undefined index: _a<br> File: /data/codes/queryphp/vendor/hunzhiwange/framework/src/Queryyetsimple/Router/Router.php<br> Line: 336 []
[2018-04-10 20:32][8]: Undefined index: _a<br> File: /data/codes/queryphp/vendor/hunzhiwange/framework/src/Queryyetsimple/Router/Router.php<br> Line: 336 []
[2018-04-10 20:32][8]: Undefined index: _app<br> File: /data/codes/queryphp/vendor/hunzhiwange/framework/src/Queryyetsimple/Router/Router.php<br> Line: 296 []
[2018-04-10 20:32][0] The node \App\Controller\->() is not registered. Router.php line 1371 []
