[2018-04-07 21:00][0] The node App\App\Controller\group\index_hello_name\Sss->ssssss() is not registered. Router.php line 1353 []
[2018-04-07 21:01][0] The node App\App\Controller\group\index_hello_name\Sss->ssssss() is not registered. Router.php line 1353 []
[2018-04-07 21:02][0] The node App\App\Controller\Group\Index_hello_name\Sss->ssssss() is not registered. Router.php line 1353 []
[2018-04-07 21:04][0] The node App\App\Controller\Group\indexHelloName\Sss->ssssss() is not registered. Router.php line 1353 []
[2018-04-07 21:04][0] The node App\App\Controller\Group\indexHelloName\Sss->ssssss() is not registered. Router.php line 1353 []
[2018-04-07 21:04][0] The node App\App\Controller\Group\indexHelloName\Sss->ssssss() is not registered. Router.php line 1353 []
[2018-04-07 21:05][0] The node App\App\Controller\Group\IndexHelloName\Sss->ssssss() is not registered. Router.php line 1353 []
[2018-04-07 21:06][0] The node App\App\Controller\Group\IndexHelloName\Sss->ssssss() is not registered. Router.php line 1353 []
[2018-04-07 21:07][0] The node App\App\Controller\group\IndexHelloName\Sss->ssssss() is not registered. Router.php line 1353 []
[2018-04-07 21:08][0] The node App\App\Controller\Group\IndexHelloName\Sss->ssssss() is not registered. Router.php line 1353 []
[2018-04-07 21:08][0] The node App\App\Controller\Group\IndexHelloName\Sss->ssssss() is not registered. Router.php line 1353 []
[2018-04-07 21:08][0] The node App\App\Controller\Group\IndexHelloName\Sss->ssssss() is not registered. Router.php line 1353 []
[2018-04-07 21:08][0] The node App\App\Controller\Group\IndexHelloName\Sss->ssssss() is not registered. Router.php line 1353 []
[2018-04-07 21:09][0] The node App\App\Controller\Group\IndexHelloName\Sss->ssssss() is not registered. Router.php line 1353 []
[2018-04-07 21:09][0] The node App\App\Controller\Group\IndexHelloName\Sss->ssssss() is not registered. Router.php line 1353 []
[2018-04-07 21:09][0] The node App\App\Controller\Group\IndexHelloName\Sss->ssssss() is not registered. Router.php line 1353 []
[2018-04-07 21:10][0] The node App\App\Controller\Group\IndexHelloName\Sss->ssssss() is not registered. Router.php line 1353 []
[2018-04-07 21:19][8]: Undefined index: _a<br> File: /data/codes/queryphp/vendor/hunzhiwange/framework/src/Queryyetsimple/Router/Router.php<br> Line: 323 []
[2018-04-07 21:19][8]: Undefined index: _a<br> File: /data/codes/queryphp/vendor/hunzhiwange/framework/src/Queryyetsimple/Router/Router.php<br> Line: 323 []
[2018-04-07 21:19][8]: Undefined index: _a<br> File: /data/codes/queryphp/vendor/hunzhiwange/framework/src/Queryyetsimple/Router/Router.php<br> Line: 323 []
[2018-04-07 21:19][8]: Undefined index: _a<br> File: /data/codes/queryphp/vendor/hunzhiwange/framework/src/Queryyetsimple/Router/Router.php<br> Line: 323 []
[2018-04-07 21:19][8]: Undefined index: _a<br> File: /data/codes/queryphp/vendor/hunzhiwange/framework/src/Queryyetsimple/Router/Router.php<br> Line: 323 []
[2018-04-07 21:19][8]: Undefined index: _a<br> File: /data/codes/queryphp/vendor/hunzhiwange/framework/src/Queryyetsimple/Router/Router.php<br> Line: 323 []
[2018-04-07 21:19][8]: Undefined index: _a<br> File: /data/codes/queryphp/vendor/hunzhiwange/framework/src/Queryyetsimple/Router/Router.php<br> Line: 323 []
[2018-04-07 21:19][8]: Undefined index: _a<br> File: /data/codes/queryphp/vendor/hunzhiwange/framework/src/Queryyetsimple/Router/Router.php<br> Line: 323 []
[2018-04-07 21:19][8]: Undefined index: _a<br> File: /data/codes/queryphp/vendor/hunzhiwange/framework/src/Queryyetsimple/Router/Router.php<br> Line: 323 []
[2018-04-07 21:19][1]: Class 'queryyetsimple\mvc\controller' not found <br> File: /data/codes/queryphp/application/app/App/Controller/Swagger.php <br> Line: 15 []
[2018-04-07 21:19][1]: Class 'queryyetsimple\mvc\action' not found <br> File: /data/codes/queryphp/application/app/App/Controller/Swagger/index.php <br> Line: 16 []
[2018-04-07 21:20][1]: Class 'queryyetsimple\mvc\action' not found <br> File: /data/codes/queryphp/application/app/App/Controller/Swagger/index.php <br> Line: 16 []
[2018-04-07 21:20][1]: Class 'Leevel\Mvc\Action' not found <br> File: /data/codes/queryphp/application/app/App/Controller/Swagger/index.php <br> Line: 16 []
[2018-04-07 21:20][1]: Class 'App\App\Controller\Swagger\action' not found <br> File: /data/codes/queryphp/application/app/App/Controller/Swagger/index.php <br> Line: 16 []
[2018-04-07 21:21][0] Class 'Doctrine\Common\Annotations\AnnotationRegistry' not found Analyser.php line 14 []
[2018-04-07 21:21][0] Class 'Doctrine\Common\Annotations\AnnotationRegistry' not found Analyser.php line 14 []
[2018-04-07 21:21][0] Class 'Doctrine\Common\Annotations\AnnotationRegistry' not found Analyser.php line 14 []
[2018-04-07 21:22][0] Class 'Doctrine\Common\Annotations\AnnotationRegistry' not found Analyser.php line 14 []
[2018-04-07 21:25][0] Class 'Doctrine\Common\Annotations\AnnotationRegistry' not found Analyser.php line 14 []
[2018-04-07 21:25][0] Class 'Doctrine\Common\Annotations\AnnotationRegistry' not found Analyser.php line 14 []
[2018-04-07 21:26][0] Class 'Doctrine\Common\Annotations\AnnotationRegistry' not found Analyser.php line 14 []
[2018-04-07 21:44][8]: Undefined index: _app<br> File: /data/codes/queryphp/vendor/hunzhiwange/framework/src/Queryyetsimple/Router/Router.php<br> Line: 283 []
[2018-04-07 21:44][8]: Undefined index: _c<br> File: /data/codes/queryphp/vendor/hunzhiwange/framework/src/Queryyetsimple/Router/Router.php<br> Line: 303 []
[2018-04-07 21:44][8]: Undefined index: _a<br> File: /data/codes/queryphp/vendor/hunzhiwange/framework/src/Queryyetsimple/Router/Router.php<br> Line: 323 []
[2018-04-07 21:44][8]: Undefined index: _app<br> File: /data/codes/queryphp/vendor/hunzhiwange/framework/src/Queryyetsimple/Router/Router.php<br> Line: 283 []
[2018-04-07 21:44][8]: Undefined index: _c<br> File: /data/codes/queryphp/vendor/hunzhiwange/framework/src/Queryyetsimple/Router/Router.php<br> Line: 303 []
[2018-04-07 21:44][8]: Undefined index: _a<br> File: /data/codes/queryphp/vendor/hunzhiwange/framework/src/Queryyetsimple/Router/Router.php<br> Line: 323 []
[2018-04-07 21:44][8]: Undefined index: _app<br> File: /data/codes/queryphp/vendor/hunzhiwange/framework/src/Queryyetsimple/Router/Router.php<br> Line: 283 []
[2018-04-07 21:44][8]: Undefined index: _c<br> File: /data/codes/queryphp/vendor/hunzhiwange/framework/src/Queryyetsimple/Router/Router.php<br> Line: 303 []
[2018-04-07 21:44][8]: Undefined index: _a<br> File: /data/codes/queryphp/vendor/hunzhiwange/framework/src/Queryyetsimple/Router/Router.php<br> Line: 323 []
[2018-04-07 21:44][8]: Undefined index: _app<br> File: /data/codes/queryphp/vendor/hunzhiwange/framework/src/Queryyetsimple/Router/Router.php<br> Line: 283 []
[2018-04-07 21:44][8]: Undefined index: _c<br> File: /data/codes/queryphp/vendor/hunzhiwange/framework/src/Queryyetsimple/Router/Router.php<br> Line: 303 []
[2018-04-07 21:44][8]: Undefined index: _a<br> File: /data/codes/queryphp/vendor/hunzhiwange/framework/src/Queryyetsimple/Router/Router.php<br> Line: 323 []
[2018-04-07 21:44][8]: Undefined index: _app<br> File: /data/codes/queryphp/vendor/hunzhiwange/framework/src/Queryyetsimple/Router/Router.php<br> Line: 283 []
[2018-04-07 21:44][8]: Undefined index: _app<br> File: /data/codes/queryphp/vendor/hunzhiwange/framework/src/Queryyetsimple/Router/Router.php<br> Line: 283 []
[2018-04-07 21:44][8]: Undefined index: _c<br> File: /data/codes/queryphp/vendor/hunzhiwange/framework/src/Queryyetsimple/Router/Router.php<br> Line: 303 []
[2018-04-07 21:44][8]: Undefined index: _a<br> File: /data/codes/queryphp/vendor/hunzhiwange/framework/src/Queryyetsimple/Router/Router.php<br> Line: 323 []
[2018-04-07 21:44][8]: Undefined index: _app<br> File: /data/codes/queryphp/vendor/hunzhiwange/framework/src/Queryyetsimple/Router/Router.php<br> Line: 283 []
[2018-04-07 21:44][8]: Undefined index: _c<br> File: /data/codes/queryphp/vendor/hunzhiwange/framework/src/Queryyetsimple/Router/Router.php<br> Line: 303 []
[2018-04-07 21:44][8]: Undefined index: _a<br> File: /data/codes/queryphp/vendor/hunzhiwange/framework/src/Queryyetsimple/Router/Router.php<br> Line: 323 []
[2018-04-07 21:44][8]: Undefined index: _c<br> File: /data/codes/queryphp/vendor/hunzhiwange/framework/src/Queryyetsimple/Router/Router.php<br> Line: 303 []
[2018-04-07 21:44][8]: Undefined index: _a<br> File: /data/codes/queryphp/vendor/hunzhiwange/framework/src/Queryyetsimple/Router/Router.php<br> Line: 323 []
[2018-04-07 21:44][8]: Undefined index: _app<br> File: /data/codes/queryphp/vendor/hunzhiwange/framework/src/Queryyetsimple/Router/Router.php<br> Line: 283 []
[2018-04-07 21:44][8]: Undefined index: _app<br> File: /data/codes/queryphp/vendor/hunzhiwange/framework/src/Queryyetsimple/Router/Router.php<br> Line: 283 []
[2018-04-07 21:44][8]: Undefined index: _c<br> File: /data/codes/queryphp/vendor/hunzhiwange/framework/src/Queryyetsimple/Router/Router.php<br> Line: 303 []
[2018-04-07 21:44][8]: Undefined index: _a<br> File: /data/codes/queryphp/vendor/hunzhiwange/framework/src/Queryyetsimple/Router/Router.php<br> Line: 323 []
[2018-04-07 21:44][8]: Undefined index: _a<br> File: /data/codes/queryphp/vendor/hunzhiwange/framework/src/Queryyetsimple/Router/Router.php<br> Line: 323 []
[2018-04-07 21:44][8]: Undefined index: _app<br> File: /data/codes/queryphp/vendor/hunzhiwange/framework/src/Queryyetsimple/Router/Router.php<br> Line: 283 []
[2018-04-07 21:44][0] The node \App\Controller\->() is not registered. Router.php line 1353 []
[2018-04-07 21:44][0] The node App\App\Controller\Api->swagger-ui-bundle.js.map() is not registered. Router.php line 1353 []
[2018-04-07 21:44][0] The node App\App\Controller\Api->swagger-ui-standalone-preset.js.map() is not registered. Router.php line 1353 []
[2018-04-07 21:45][0] The node App\App\Controller\Api->swagger-ui-bundle.js.map() is not registered. Router.php line 1353 []
[2018-04-07 21:45][0] The node App\App\Controller\Api->swagger-ui-standalone-preset.js.map() is not registered. Router.php line 1353 []
[2018-04-07 21:58][0] The node App\App\Controller\Petstore->swagger-v2() is not registered. Router.php line 1353 []
[2018-04-07 21:58][0] The node App\App\Controller\Petstore->swagger-v2() is not registered. Router.php line 1353 []
[2018-04-07 21:58][0] The node App\App\Controller\Petstore->swagger-v2() is not registered. Router.php line 1353 []
[2018-04-07 21:58][0] The node App\App\Controller\Petstore->swagger-v2() is not registered. Router.php line 1353 []
