[2018-04-07 17:10][8]: Undefined index: scheme<br> File: /data/codes/queryphp/vendor/hunzhiwange/framework/src/Queryyetsimple/Router/Router.php<br> Line: 1092 []
[2018-04-07 17:10][8]: Undefined index: scheme<br> File: /data/codes/queryphp/vendor/hunzhiwange/framework/src/Queryyetsimple/Router/Router.php<br> Line: 1093 []
[2018-04-07 17:10][8]: Undefined index: host<br> File: /data/codes/queryphp/vendor/hunzhiwange/framework/src/Queryyetsimple/Router/Router.php<br> Line: 1097 []
[2018-04-07 17:10][0] The node :group\app\controller\index->show() is not registered. Router.php line 1312 []
[2018-04-07 17:10][8]: Undefined index: scheme<br> File: /data/codes/queryphp/vendor/hunzhiwange/framework/src/Queryyetsimple/Router/Router.php<br> Line: 1092 []
[2018-04-07 17:10][8]: Undefined index: scheme<br> File: /data/codes/queryphp/vendor/hunzhiwange/framework/src/Queryyetsimple/Router/Router.php<br> Line: 1093 []
[2018-04-07 17:10][8]: Undefined index: host<br> File: /data/codes/queryphp/vendor/hunzhiwange/framework/src/Queryyetsimple/Router/Router.php<br> Line: 1097 []
[2018-04-07 17:10][0] The node :group\app\controller\index->show() is not registered. Router.php line 1312 []
[2018-04-07 17:11][8]: Undefined index: scheme<br> File: /data/codes/queryphp/vendor/hunzhiwange/framework/src/Queryyetsimple/Router/Router.php<br> Line: 1092 []
[2018-04-07 17:11][8]: Undefined index: scheme<br> File: /data/codes/queryphp/vendor/hunzhiwange/framework/src/Queryyetsimple/Router/Router.php<br> Line: 1093 []
[2018-04-07 17:11][8]: Undefined index: host<br> File: /data/codes/queryphp/vendor/hunzhiwange/framework/src/Queryyetsimple/Router/Router.php<br> Line: 1097 []
[2018-04-07 17:11][0] The node :group\app\controller\index->show() is not registered. Router.php line 1312 []
[2018-04-07 17:11][8]: Undefined index: scheme<br> File: /data/codes/queryphp/vendor/hunzhiwange/framework/src/Queryyetsimple/Router/Router.php<br> Line: 1092 []
[2018-04-07 17:11][8]: Undefined index: scheme<br> File: /data/codes/queryphp/vendor/hunzhiwange/framework/src/Queryyetsimple/Router/Router.php<br> Line: 1093 []
[2018-04-07 17:11][8]: Undefined index: host<br> File: /data/codes/queryphp/vendor/hunzhiwange/framework/src/Queryyetsimple/Router/Router.php<br> Line: 1097 []
[2018-04-07 17:11][0] The node :group\app\controller\index->show() is not registered. Router.php line 1312 []
[2018-04-07 17:11][8]: Undefined index: scheme<br> File: /data/codes/queryphp/vendor/hunzhiwange/framework/src/Queryyetsimple/Router/Router.php<br> Line: 1092 []
[2018-04-07 17:11][8]: Undefined index: scheme<br> File: /data/codes/queryphp/vendor/hunzhiwange/framework/src/Queryyetsimple/Router/Router.php<br> Line: 1093 []
[2018-04-07 17:11][8]: Undefined index: host<br> File: /data/codes/queryphp/vendor/hunzhiwange/framework/src/Queryyetsimple/Router/Router.php<br> Line: 1097 []
[2018-04-07 17:11][0] The node :group\app\controller\index->show() is not registered. Router.php line 1312 []
[2018-04-07 17:12][0] 222 Router.php line 1091 []
[2018-04-07 17:14][0] 222 Router.php line 1091 []
[2018-04-07 17:22][0] The node :group\app\controller\index->show() is not registered. Router.php line 1342 []
[2018-04-07 17:22][0] The node :group\app\controller\index->show() is not registered. Router.php line 1342 []
[2018-04-07 17:23][0] The node group\app\controller\index->show() is not registered. Router.php line 1342 []
[2018-04-07 17:23][0] The node group\app\controller\index->show() is not registered. Router.php line 1342 []
[2018-04-07 17:23][0] The node app\app\controller\group->index() is not registered. Router.php line 1342 []
[2018-04-07 17:23][0] The node app\app\controller\group->index() is not registered. Router.php line 1342 []
[2018-04-07 17:23][0] The node app\app\controller\group->index() is not registered. Router.php line 1342 []
[2018-04-07 17:29][0] The node app\app\controller\group->index() is not registered. Router.php line 1342 []
[2018-04-07 17:29][0] The node app\app\controller\group->index() is not registered. Router.php line 1342 []
[2018-04-07 17:32][0] The node App\app\controller\group->index() is not registered. Router.php line 1344 []
[2018-04-07 17:35][0] The node App\App\Controller\group->index() is not registered. Router.php line 1344 []
[2018-04-07 17:35][0] The node App\App\Controller\group->index() is not registered. Router.php line 1344 []
