[2018-04-09 08:09][8]: Undefined index: _app<br> File: /data/codes/queryphp/vendor/hunzhiwange/framework/src/Queryyetsimple/Router/Router.php<br> Line: 283 []
[2018-04-09 08:09][8]: Undefined index: _c<br> File: /data/codes/queryphp/vendor/hunzhiwange/framework/src/Queryyetsimple/Router/Router.php<br> Line: 303 []
[2018-04-09 08:09][8]: Undefined index: _a<br> File: /data/codes/queryphp/vendor/hunzhiwange/framework/src/Queryyetsimple/Router/Router.php<br> Line: 323 []
[2018-04-09 08:09][8]: Undefined index: _app<br> File: /data/codes/queryphp/vendor/hunzhiwange/framework/src/Queryyetsimple/Router/Router.php<br> Line: 283 []
[2018-04-09 08:09][8]: Undefined index: _c<br> File: /data/codes/queryphp/vendor/hunzhiwange/framework/src/Queryyetsimple/Router/Router.php<br> Line: 303 []
[2018-04-09 08:09][8]: Undefined index: _a<br> File: /data/codes/queryphp/vendor/hunzhiwange/framework/src/Queryyetsimple/Router/Router.php<br> Line: 323 []
[2018-04-09 08:09][8]: Undefined index: _app<br> File: /data/codes/queryphp/vendor/hunzhiwange/framework/src/Queryyetsimple/Router/Router.php<br> Line: 283 []
[2018-04-09 08:09][8]: Undefined index: _c<br> File: /data/codes/queryphp/vendor/hunzhiwange/framework/src/Queryyetsimple/Router/Router.php<br> Line: 303 []
[2018-04-09 08:09][8]: Undefined index: _a<br> File: /data/codes/queryphp/vendor/hunzhiwange/framework/src/Queryyetsimple/Router/Router.php<br> Line: 323 []
[2018-04-09 08:09][8]: Undefined index: _app<br> File: /data/codes/queryphp/vendor/hunzhiwange/framework/src/Queryyetsimple/Router/Router.php<br> Line: 283 []
[2018-04-09 08:09][8]: Undefined index: _c<br> File: /data/codes/queryphp/vendor/hunzhiwange/framework/src/Queryyetsimple/Router/Router.php<br> Line: 303 []
[2018-04-09 08:09][8]: Undefined index: _a<br> File: /data/codes/queryphp/vendor/hunzhiwange/framework/src/Queryyetsimple/Router/Router.php<br> Line: 323 []
[2018-04-09 08:09][8]: Undefined index: _app<br> File: /data/codes/queryphp/vendor/hunzhiwange/framework/src/Queryyetsimple/Router/Router.php<br> Line: 283 []
[2018-04-09 08:09][8]: Undefined index: _app<br> File: /data/codes/queryphp/vendor/hunzhiwange/framework/src/Queryyetsimple/Router/Router.php<br> Line: 283 []
[2018-04-09 08:09][8]: Undefined index: _c<br> File: /data/codes/queryphp/vendor/hunzhiwange/framework/src/Queryyetsimple/Router/Router.php<br> Line: 303 []
[2018-04-09 08:09][8]: Undefined index: _a<br> File: /data/codes/queryphp/vendor/hunzhiwange/framework/src/Queryyetsimple/Router/Router.php<br> Line: 323 []
[2018-04-09 08:09][8]: Undefined index: _app<br> File: /data/codes/queryphp/vendor/hunzhiwange/framework/src/Queryyetsimple/Router/Router.php<br> Line: 283 []
[2018-04-09 08:09][8]: Undefined index: _c<br> File: /data/codes/queryphp/vendor/hunzhiwange/framework/src/Queryyetsimple/Router/Router.php<br> Line: 303 []
[2018-04-09 08:09][8]: Undefined index: _a<br> File: /data/codes/queryphp/vendor/hunzhiwange/framework/src/Queryyetsimple/Router/Router.php<br> Line: 323 []
[2018-04-09 08:09][8]: Undefined index: _c<br> File: /data/codes/queryphp/vendor/hunzhiwange/framework/src/Queryyetsimple/Router/Router.php<br> Line: 303 []
[2018-04-09 08:09][8]: Undefined index: _a<br> File: /data/codes/queryphp/vendor/hunzhiwange/framework/src/Queryyetsimple/Router/Router.php<br> Line: 323 []
[2018-04-09 08:09][8]: Undefined index: _app<br> File: /data/codes/queryphp/vendor/hunzhiwange/framework/src/Queryyetsimple/Router/Router.php<br> Line: 283 []
[2018-04-09 08:09][8]: Undefined index: _app<br> File: /data/codes/queryphp/vendor/hunzhiwange/framework/src/Queryyetsimple/Router/Router.php<br> Line: 283 []
[2018-04-09 08:09][8]: Undefined index: _c<br> File: /data/codes/queryphp/vendor/hunzhiwange/framework/src/Queryyetsimple/Router/Router.php<br> Line: 303 []
[2018-04-09 08:09][8]: Undefined index: _a<br> File: /data/codes/queryphp/vendor/hunzhiwange/framework/src/Queryyetsimple/Router/Router.php<br> Line: 323 []
[2018-04-09 08:09][8]: Undefined index: _a<br> File: /data/codes/queryphp/vendor/hunzhiwange/framework/src/Queryyetsimple/Router/Router.php<br> Line: 323 []
[2018-04-09 08:09][8]: Undefined index: _app<br> File: /data/codes/queryphp/vendor/hunzhiwange/framework/src/Queryyetsimple/Router/Router.php<br> Line: 283 []
[2018-04-09 08:09][0] The node \App\Controller\->() is not registered. Router.php line 1357 []
[2018-04-09 08:18][0] syntax error, unexpected ';', expecting ']' router.php line 52 []
[2018-04-09 08:19][0] syntax error, unexpected ';', expecting ']' router.php line 52 []
