[2018-04-09 23:19][0] syntax error, unexpected '=' Router.php line 1131 []
[2018-04-09 23:19][0] syntax error, unexpected '=' Router.php line 1131 []
[2018-04-09 23:19][0] The node App\App\Controller\Petstore->router() is not registered. Router.php line 1392 []
[2018-04-09 23:20][0] The node App\App\Controller\Petstore->router() is not registered. Router.php line 1392 []
[2018-04-09 23:21][0] The node App\App\Controller\Petstore->router() is not registered. Router.php line 1392 []
[2018-04-09 23:21][0] The node App\App\Controller\Petstore->router() is not registered. Router.php line 1392 []
[2018-04-09 23:22][0] The node App\App\Controller\Petstore->router() is not registered. Router.php line 1392 []
[2018-04-09 23:24][0] The node App\App\Controller\Petstore->router() is not registered. Router.php line 1392 []
[2018-04-09 23:25][0] The node App\App\Controller\Pet->findByStatus() is not registered. Router.php line 1392 []
[2018-04-09 23:25][0] The node App\App\Controller\Pet->findByStatus() is not registered. Router.php line 1392 []
[2018-04-09 23:26][0] The node App\App\Controller\Pet->findByStatus() is not registered. Router.php line 1392 []
[2018-04-09 23:26][0] The node App\App\Controller\Pet->findByStatus() is not registered. Router.php line 1392 []
[2018-04-09 23:31][0] Call to undefined function Leevel\Router\Match\matcheSuccessed() Url.php line 144 []
[2018-04-09 23:31][8]: Undefined index: params<br> File: /data/codes/queryphp/vendor/hunzhiwange/framework/src/Queryyetsimple/Router/Match/Url.php<br> Line: 201 []
[2018-04-09 23:44][0] The node App\App\Controller\Petstore\Pet->findByStatus() is not registered. Router.php line 1364 []
[2018-04-09 23:44][0] The node App\App\Controller\Petstore\Pet->findByStatus() is not registered. Router.php line 1364 []
[2018-04-09 23:45][0] The node App\App\Controller\Petstore\Pet->findByStatus() is not registered. Router.php line 1364 []
[2018-04-09 23:46][0] The node App\App\Controller\Petstore\Pet->findByStatus() is not registered. Router.php line 1364 []
[2018-04-09 23:46][0] The node App\App\Controller\Petstore\Pet->findByStatus() is not registered. Router.php line 1364 []
[2018-04-09 23:48][0] The node App\App\Controller\Petstore\Pet->findByStatus() is not registered. Router.php line 1364 []
