[2018-04-07 22:00][512]: Multiple definitions for @SWG\Swagger()->info
     Using: \App\App\Controller\Petstore\SwaggerV2->run() in /data/codes/queryphp/application/App/App/Controller//Petstore/SwaggerV2.php on line 16
  Skipping: \App\App\Controller\Swagger\Index->run() in /data/codes/queryphp/application/App/App/Controller//swagger/index.php on line 16<br> File: /data/codes/queryphp/vendor/zircote/swagger-php/src/Logger.php<br> Line: 38 []
[2018-04-07 22:00][1024]: Unexpected @SWG\Swagger() in \App\App\Controller\Swagger\Index->run() in /data/codes/queryphp/application/App/App/Controller//swagger/index.php on line 16<br> File: /data/codes/queryphp/vendor/zircote/swagger-php/src/Logger.php<br> Line: 38 []
[2018-04-07 22:00][1024]: Only one @SWG\Info() allowed for @SWG\Swagger() multiple found in:
    Using: \App\App\Controller\Petstore\SwaggerV2->run() in /data/codes/queryphp/application/App/App/Controller//Petstore/SwaggerV2.php on line 16
  Skipped: \App\App\Controller\Swagger\Index->run() in /data/codes/queryphp/application/App/App/Controller//swagger/index.php on line 16<br> File: /data/codes/queryphp/vendor/zircote/swagger-php/src/Logger.php<br> Line: 38 []
[2018-04-07 22:04][0] The node App\App\Controller\Api->swaggerUiBundle.js.map() is not registered. Router.php line 1357 []
[2018-04-07 22:04][0] The node App\App\Controller\Api->swaggerUiStandalonePreset.js.map() is not registered. Router.php line 1357 []
[2018-04-07 22:05][0] The node App\App\Controller\Api->swaggerUiBundle.js.map() is not registered. Router.php line 1357 []
[2018-04-07 22:05][0] The node App\App\Controller\Api->swaggerUiStandalonePreset.js.map() is not registered. Router.php line 1357 []
[2018-04-07 22:06][0] The node App\App\Controller\Api->swaggerUiBundle.js.map() is not registered. Router.php line 1357 []
[2018-04-07 22:06][0] The node App\App\Controller\Api->swaggerUiStandalonePreset.js.map() is not registered. Router.php line 1357 []
[2018-04-07 22:07][0] The node App\App\Controller\Api->swaggerUiBundle.js.map() is not registered. Router.php line 1357 []
[2018-04-07 22:07][0] The node App\App\Controller\Api->swaggerUiStandalonePreset.js.map() is not registered. Router.php line 1357 []
[2018-04-07 22:11][1024]: $ref "#/definitions/Pet" not found for @SWG\Items() in \App\App\Controller\Petstore\Pet->findByTags() in /data/codes/queryphp/application/App/App/Controller/Petstore/Pet.php on line 8<br> File: /data/codes/queryphp/vendor/zircote/swagger-php/src/Logger.php<br> Line: 38 []
[2018-04-07 22:11][1024]: $ref "#/definitions/Pet" not found for @SWG\Items() in \App\App\Controller\Petstore\Pet->findByStatus() in /data/codes/queryphp/application/App/App/Controller/Petstore/Pet.php on line 49<br> File: /data/codes/queryphp/vendor/zircote/swagger-php/src/Logger.php<br> Line: 38 []
[2018-04-07 22:11][1024]: $ref "#/definitions/Pet" not found for @SWG\Schema() in \App\App\Controller\Petstore\Pet->getPetById() in /data/codes/queryphp/application/App/App/Controller/Petstore/Pet.php on line 91<br> File: /data/codes/queryphp/vendor/zircote/swagger-php/src/Logger.php<br> Line: 38 []
[2018-04-07 22:11][1024]: $ref "#/definitions/Pet" not found for @SWG\Schema() in \App\App\Controller\Petstore\Pet->updatePet() in /data/codes/queryphp/application/App/App/Controller/Petstore/Pet.php on line 156<br> File: /data/codes/queryphp/vendor/zircote/swagger-php/src/Logger.php<br> Line: 38 []
[2018-04-07 22:11][1024]: $ref "#/definitions/Pet" not found for @SWG\Schema() in \App\App\Controller\Petstore\Pet->addPet() in /data/codes/queryphp/application/App/App/Controller/Petstore/Pet.php on line 129<br> File: /data/codes/queryphp/vendor/zircote/swagger-php/src/Logger.php<br> Line: 38 []
[2018-04-07 22:11][1024]: $ref "#/definitions/ApiResponse" not found for @SWG\Schema() in \App\App\Controller\Petstore\Pet->uploadFile() in /data/codes/queryphp/application/App/App/Controller/Petstore/Pet.php on line 269<br> File: /data/codes/queryphp/vendor/zircote/swagger-php/src/Logger.php<br> Line: 38 []
[2018-04-07 22:11][1024]: $ref "#/definitions/Pet" not found for @SWG\Items() in \App\App\Controller\Petstore\Pet->findByTags() in /data/codes/queryphp/application/App/App/Controller/Petstore/Pet.php on line 8<br> File: /data/codes/queryphp/vendor/zircote/swagger-php/src/Logger.php<br> Line: 38 []
[2018-04-07 22:11][1024]: $ref "#/definitions/Pet" not found for @SWG\Items() in \App\App\Controller\Petstore\Pet->findByStatus() in /data/codes/queryphp/application/App/App/Controller/Petstore/Pet.php on line 49<br> File: /data/codes/queryphp/vendor/zircote/swagger-php/src/Logger.php<br> Line: 38 []
[2018-04-07 22:11][1024]: $ref "#/definitions/Pet" not found for @SWG\Schema() in \App\App\Controller\Petstore\Pet->getPetById() in /data/codes/queryphp/application/App/App/Controller/Petstore/Pet.php on line 91<br> File: /data/codes/queryphp/vendor/zircote/swagger-php/src/Logger.php<br> Line: 38 []
[2018-04-07 22:11][1024]: $ref "#/definitions/Pet" not found for @SWG\Schema() in \App\App\Controller\Petstore\Pet->updatePet() in /data/codes/queryphp/application/App/App/Controller/Petstore/Pet.php on line 156<br> File: /data/codes/queryphp/vendor/zircote/swagger-php/src/Logger.php<br> Line: 38 []
[2018-04-07 22:11][1024]: $ref "#/definitions/Pet" not found for @SWG\Schema() in \App\App\Controller\Petstore\Pet->addPet() in /data/codes/queryphp/application/App/App/Controller/Petstore/Pet.php on line 129<br> File: /data/codes/queryphp/vendor/zircote/swagger-php/src/Logger.php<br> Line: 38 []
[2018-04-07 22:11][1024]: $ref "#/definitions/ApiResponse" not found for @SWG\Schema() in \App\App\Controller\Petstore\Pet->uploadFile() in /data/codes/queryphp/application/App/App/Controller/Petstore/Pet.php on line 269<br> File: /data/codes/queryphp/vendor/zircote/swagger-php/src/Logger.php<br> Line: 38 []
[2018-04-07 22:11][1024]: $ref "#/definitions/Pet" not found for @SWG\Items() in \App\App\Controller\Petstore\Pet->findByTags() in /data/codes/queryphp/application/App/App/Controller/Petstore/Pet.php on line 8<br> File: /data/codes/queryphp/vendor/zircote/swagger-php/src/Logger.php<br> Line: 38 []
[2018-04-07 22:11][1024]: $ref "#/definitions/Pet" not found for @SWG\Items() in \App\App\Controller\Petstore\Pet->findByStatus() in /data/codes/queryphp/application/App/App/Controller/Petstore/Pet.php on line 49<br> File: /data/codes/queryphp/vendor/zircote/swagger-php/src/Logger.php<br> Line: 38 []
[2018-04-07 22:11][1024]: $ref "#/definitions/Pet" not found for @SWG\Schema() in \App\App\Controller\Petstore\Pet->getPetById() in /data/codes/queryphp/application/App/App/Controller/Petstore/Pet.php on line 91<br> File: /data/codes/queryphp/vendor/zircote/swagger-php/src/Logger.php<br> Line: 38 []
[2018-04-07 22:11][1024]: $ref "#/definitions/Pet" not found for @SWG\Schema() in \App\App\Controller\Petstore\Pet->updatePet() in /data/codes/queryphp/application/App/App/Controller/Petstore/Pet.php on line 156<br> File: /data/codes/queryphp/vendor/zircote/swagger-php/src/Logger.php<br> Line: 38 []
[2018-04-07 22:11][1024]: $ref "#/definitions/Pet" not found for @SWG\Schema() in \App\App\Controller\Petstore\Pet->addPet() in /data/codes/queryphp/application/App/App/Controller/Petstore/Pet.php on line 129<br> File: /data/codes/queryphp/vendor/zircote/swagger-php/src/Logger.php<br> Line: 38 []
[2018-04-07 22:11][1024]: $ref "#/definitions/ApiResponse" not found for @SWG\Schema() in \App\App\Controller\Petstore\Pet->uploadFile() in /data/codes/queryphp/application/App/App/Controller/Petstore/Pet.php on line 269<br> File: /data/codes/queryphp/vendor/zircote/swagger-php/src/Logger.php<br> Line: 38 []
[2018-04-07 22:13][1024]: $ref "#/definitions/ApiResponse" not found for @SWG\Schema() in \App\App\Controller\Petstore\Pet->uploadFile() in /data/codes/queryphp/application/App/App/Controller/Petstore/Pet.php on line 269<br> File: /data/codes/queryphp/vendor/zircote/swagger-php/src/Logger.php<br> Line: 38 []
[2018-04-07 22:16][8]: Undefined index: _app<br> File: /data/codes/queryphp/vendor/hunzhiwange/framework/src/Queryyetsimple/Router/Router.php<br> Line: 283 []
[2018-04-07 22:16][8]: Undefined index: _c<br> File: /data/codes/queryphp/vendor/hunzhiwange/framework/src/Queryyetsimple/Router/Router.php<br> Line: 303 []
[2018-04-07 22:16][8]: Undefined index: _a<br> File: /data/codes/queryphp/vendor/hunzhiwange/framework/src/Queryyetsimple/Router/Router.php<br> Line: 323 []
[2018-04-07 22:16][8]: Undefined index: _app<br> File: /data/codes/queryphp/vendor/hunzhiwange/framework/src/Queryyetsimple/Router/Router.php<br> Line: 283 []
[2018-04-07 22:16][8]: Undefined index: _c<br> File: /data/codes/queryphp/vendor/hunzhiwange/framework/src/Queryyetsimple/Router/Router.php<br> Line: 303 []
[2018-04-07 22:16][8]: Undefined index: _a<br> File: /data/codes/queryphp/vendor/hunzhiwange/framework/src/Queryyetsimple/Router/Router.php<br> Line: 323 []
[2018-04-07 22:16][8]: Undefined index: _app<br> File: /data/codes/queryphp/vendor/hunzhiwange/framework/src/Queryyetsimple/Router/Router.php<br> Line: 283 []
[2018-04-07 22:16][8]: Undefined index: _c<br> File: /data/codes/queryphp/vendor/hunzhiwange/framework/src/Queryyetsimple/Router/Router.php<br> Line: 303 []
[2018-04-07 22:16][8]: Undefined index: _a<br> File: /data/codes/queryphp/vendor/hunzhiwange/framework/src/Queryyetsimple/Router/Router.php<br> Line: 323 []
[2018-04-07 22:16][8]: Undefined index: _app<br> File: /data/codes/queryphp/vendor/hunzhiwange/framework/src/Queryyetsimple/Router/Router.php<br> Line: 283 []
[2018-04-07 22:16][8]: Undefined index: _c<br> File: /data/codes/queryphp/vendor/hunzhiwange/framework/src/Queryyetsimple/Router/Router.php<br> Line: 303 []
[2018-04-07 22:16][8]: Undefined index: _a<br> File: /data/codes/queryphp/vendor/hunzhiwange/framework/src/Queryyetsimple/Router/Router.php<br> Line: 323 []
[2018-04-07 22:16][8]: Undefined index: _app<br> File: /data/codes/queryphp/vendor/hunzhiwange/framework/src/Queryyetsimple/Router/Router.php<br> Line: 283 []
[2018-04-07 22:16][8]: Undefined index: _app<br> File: /data/codes/queryphp/vendor/hunzhiwange/framework/src/Queryyetsimple/Router/Router.php<br> Line: 283 []
[2018-04-07 22:16][8]: Undefined index: _c<br> File: /data/codes/queryphp/vendor/hunzhiwange/framework/src/Queryyetsimple/Router/Router.php<br> Line: 303 []
[2018-04-07 22:16][8]: Undefined index: _a<br> File: /data/codes/queryphp/vendor/hunzhiwange/framework/src/Queryyetsimple/Router/Router.php<br> Line: 323 []
[2018-04-07 22:16][8]: Undefined index: _app<br> File: /data/codes/queryphp/vendor/hunzhiwange/framework/src/Queryyetsimple/Router/Router.php<br> Line: 283 []
[2018-04-07 22:16][8]: Undefined index: _c<br> File: /data/codes/queryphp/vendor/hunzhiwange/framework/src/Queryyetsimple/Router/Router.php<br> Line: 303 []
[2018-04-07 22:16][8]: Undefined index: _a<br> File: /data/codes/queryphp/vendor/hunzhiwange/framework/src/Queryyetsimple/Router/Router.php<br> Line: 323 []
[2018-04-07 22:16][8]: Undefined index: _c<br> File: /data/codes/queryphp/vendor/hunzhiwange/framework/src/Queryyetsimple/Router/Router.php<br> Line: 303 []
[2018-04-07 22:16][8]: Undefined index: _a<br> File: /data/codes/queryphp/vendor/hunzhiwange/framework/src/Queryyetsimple/Router/Router.php<br> Line: 323 []
[2018-04-07 22:16][8]: Undefined index: _app<br> File: /data/codes/queryphp/vendor/hunzhiwange/framework/src/Queryyetsimple/Router/Router.php<br> Line: 283 []
[2018-04-07 22:16][8]: Undefined index: _app<br> File: /data/codes/queryphp/vendor/hunzhiwange/framework/src/Queryyetsimple/Router/Router.php<br> Line: 283 []
[2018-04-07 22:16][8]: Undefined index: _c<br> File: /data/codes/queryphp/vendor/hunzhiwange/framework/src/Queryyetsimple/Router/Router.php<br> Line: 303 []
[2018-04-07 22:16][8]: Undefined index: _a<br> File: /data/codes/queryphp/vendor/hunzhiwange/framework/src/Queryyetsimple/Router/Router.php<br> Line: 323 []
[2018-04-07 22:16][8]: Undefined index: _a<br> File: /data/codes/queryphp/vendor/hunzhiwange/framework/src/Queryyetsimple/Router/Router.php<br> Line: 323 []
[2018-04-07 22:16][8]: Undefined index: _app<br> File: /data/codes/queryphp/vendor/hunzhiwange/framework/src/Queryyetsimple/Router/Router.php<br> Line: 283 []
[2018-04-07 22:16][0] The node \App\Controller\->() is not registered. Router.php line 1357 []
[2018-04-07 22:29][0] The node App\App\Controller\Petstore->router() is not registered. Router.php line 1357 []
[2018-04-07 22:33][0] Call to undefined method Swagger\Annotations\Swagger::toArray() router.php line 10 []
[2018-04-07 22:54][0] Call to undefined function App\App\Controller\Petstore\ddd() router.php line 32 []
