[2018-04-15 21:52][2]: include(/data/codes/queryphp/runtime/router/router2.php): failed to open stream: No such file or directory<br> File: /data/codes/queryphp/vendor/hunzhiwange/framework/src/Queryyetsimple/Router/Router.php<br> Line: 418 []
[2018-04-15 21:52][2]: include(): Failed opening '/data/codes/queryphp/runtime/router/router2.php' for inclusion (include_path='.:/server/php-7.2.1/lib/php')<br> File: /data/codes/queryphp/vendor/hunzhiwange/framework/src/Queryyetsimple/Router/Router.php<br> Line: 418 []
[2018-04-15 21:52][8]: Undefined index: _app<br> File: /data/codes/queryphp/vendor/hunzhiwange/framework/src/Queryyetsimple/Router/Router.php<br> Line: 295 []
[2018-04-15 21:52][8]: Undefined index: _c<br> File: /data/codes/queryphp/vendor/hunzhiwange/framework/src/Queryyetsimple/Router/Router.php<br> Line: 315 []
[2018-04-15 21:52][8]: Undefined index: _a<br> File: /data/codes/queryphp/vendor/hunzhiwange/framework/src/Queryyetsimple/Router/Router.php<br> Line: 335 []
[2018-04-15 21:52][8]: Undefined index: _app<br> File: /data/codes/queryphp/vendor/hunzhiwange/framework/src/Queryyetsimple/Router/Router.php<br> Line: 295 []
[2018-04-15 21:52][8]: Undefined index: _c<br> File: /data/codes/queryphp/vendor/hunzhiwange/framework/src/Queryyetsimple/Router/Router.php<br> Line: 315 []
[2018-04-15 21:52][8]: Undefined index: _a<br> File: /data/codes/queryphp/vendor/hunzhiwange/framework/src/Queryyetsimple/Router/Router.php<br> Line: 335 []
[2018-04-15 21:52][8]: Undefined index: _app<br> File: /data/codes/queryphp/vendor/hunzhiwange/framework/src/Queryyetsimple/Router/Router.php<br> Line: 295 []
[2018-04-15 21:52][8]: Undefined index: _c<br> File: /data/codes/queryphp/vendor/hunzhiwange/framework/src/Queryyetsimple/Router/Router.php<br> Line: 315 []
[2018-04-15 21:52][8]: Undefined index: _a<br> File: /data/codes/queryphp/vendor/hunzhiwange/framework/src/Queryyetsimple/Router/Router.php<br> Line: 335 []
[2018-04-15 21:52][8]: Undefined index: _app<br> File: /data/codes/queryphp/vendor/hunzhiwange/framework/src/Queryyetsimple/Router/Router.php<br> Line: 295 []
[2018-04-15 21:52][8]: Undefined index: _c<br> File: /data/codes/queryphp/vendor/hunzhiwange/framework/src/Queryyetsimple/Router/Router.php<br> Line: 315 []
[2018-04-15 21:52][8]: Undefined index: _a<br> File: /data/codes/queryphp/vendor/hunzhiwange/framework/src/Queryyetsimple/Router/Router.php<br> Line: 335 []
[2018-04-15 21:52][8]: Undefined index: _app<br> File: /data/codes/queryphp/vendor/hunzhiwange/framework/src/Queryyetsimple/Router/Router.php<br> Line: 295 []
[2018-04-15 21:52][8]: Undefined index: _app<br> File: /data/codes/queryphp/vendor/hunzhiwange/framework/src/Queryyetsimple/Router/Router.php<br> Line: 295 []
[2018-04-15 21:52][8]: Undefined index: _c<br> File: /data/codes/queryphp/vendor/hunzhiwange/framework/src/Queryyetsimple/Router/Router.php<br> Line: 315 []
[2018-04-15 21:52][8]: Undefined index: _a<br> File: /data/codes/queryphp/vendor/hunzhiwange/framework/src/Queryyetsimple/Router/Router.php<br> Line: 335 []
[2018-04-15 21:52][8]: Undefined index: _c<br> File: /data/codes/queryphp/vendor/hunzhiwange/framework/src/Queryyetsimple/Router/Router.php<br> Line: 315 []
[2018-04-15 21:52][8]: Undefined index: _a<br> File: /data/codes/queryphp/vendor/hunzhiwange/framework/src/Queryyetsimple/Router/Router.php<br> Line: 335 []
[2018-04-15 21:52][8]: Undefined index: _app<br> File: /data/codes/queryphp/vendor/hunzhiwange/framework/src/Queryyetsimple/Router/Router.php<br> Line: 295 []
[2018-04-15 21:52][8]: Undefined index: _app<br> File: /data/codes/queryphp/vendor/hunzhiwange/framework/src/Queryyetsimple/Router/Router.php<br> Line: 295 []
[2018-04-15 21:52][8]: Undefined index: _c<br> File: /data/codes/queryphp/vendor/hunzhiwange/framework/src/Queryyetsimple/Router/Router.php<br> Line: 315 []
[2018-04-15 21:52][8]: Undefined index: _a<br> File: /data/codes/queryphp/vendor/hunzhiwange/framework/src/Queryyetsimple/Router/Router.php<br> Line: 335 []
[2018-04-15 21:52][8]: Undefined index: _a<br> File: /data/codes/queryphp/vendor/hunzhiwange/framework/src/Queryyetsimple/Router/Router.php<br> Line: 335 []
[2018-04-15 21:52][8]: Undefined index: _app<br> File: /data/codes/queryphp/vendor/hunzhiwange/framework/src/Queryyetsimple/Router/Router.php<br> Line: 295 []
[2018-04-15 21:52][0] The node \App\Controller\->() is not registered. Router.php line 1360 []
[2018-04-15 21:52][2]: include(/data/codes/queryphp/runtime/router/router2.php): failed to open stream: No such file or directory<br> File: /data/codes/queryphp/vendor/hunzhiwange/framework/src/Queryyetsimple/Router/Router.php<br> Line: 418 []
[2018-04-15 21:52][2]: include(): Failed opening '/data/codes/queryphp/runtime/router/router2.php' for inclusion (include_path='.:/server/php-7.2.1/lib/php')<br> File: /data/codes/queryphp/vendor/hunzhiwange/framework/src/Queryyetsimple/Router/Router.php<br> Line: 418 []
[2018-04-15 21:52][8]: Undefined index: _app<br> File: /data/codes/queryphp/vendor/hunzhiwange/framework/src/Queryyetsimple/Router/Router.php<br> Line: 295 []
[2018-04-15 21:52][8]: Undefined index: _c<br> File: /data/codes/queryphp/vendor/hunzhiwange/framework/src/Queryyetsimple/Router/Router.php<br> Line: 315 []
[2018-04-15 21:52][8]: Undefined index: _a<br> File: /data/codes/queryphp/vendor/hunzhiwange/framework/src/Queryyetsimple/Router/Router.php<br> Line: 335 []
[2018-04-15 21:52][8]: Undefined index: _app<br> File: /data/codes/queryphp/vendor/hunzhiwange/framework/src/Queryyetsimple/Router/Router.php<br> Line: 295 []
[2018-04-15 21:52][8]: Undefined index: _c<br> File: /data/codes/queryphp/vendor/hunzhiwange/framework/src/Queryyetsimple/Router/Router.php<br> Line: 315 []
[2018-04-15 21:52][8]: Undefined index: _a<br> File: /data/codes/queryphp/vendor/hunzhiwange/framework/src/Queryyetsimple/Router/Router.php<br> Line: 335 []
[2018-04-15 21:52][8]: Undefined index: _app<br> File: /data/codes/queryphp/vendor/hunzhiwange/framework/src/Queryyetsimple/Router/Router.php<br> Line: 295 []
[2018-04-15 21:52][8]: Undefined index: _c<br> File: /data/codes/queryphp/vendor/hunzhiwange/framework/src/Queryyetsimple/Router/Router.php<br> Line: 315 []
[2018-04-15 21:52][8]: Undefined index: _a<br> File: /data/codes/queryphp/vendor/hunzhiwange/framework/src/Queryyetsimple/Router/Router.php<br> Line: 335 []
[2018-04-15 21:52][8]: Undefined index: _app<br> File: /data/codes/queryphp/vendor/hunzhiwange/framework/src/Queryyetsimple/Router/Router.php<br> Line: 295 []
[2018-04-15 21:52][8]: Undefined index: _c<br> File: /data/codes/queryphp/vendor/hunzhiwange/framework/src/Queryyetsimple/Router/Router.php<br> Line: 315 []
[2018-04-15 21:52][8]: Undefined index: _a<br> File: /data/codes/queryphp/vendor/hunzhiwange/framework/src/Queryyetsimple/Router/Router.php<br> Line: 335 []
[2018-04-15 21:52][8]: Undefined index: _app<br> File: /data/codes/queryphp/vendor/hunzhiwange/framework/src/Queryyetsimple/Router/Router.php<br> Line: 295 []
[2018-04-15 21:52][8]: Undefined index: _app<br> File: /data/codes/queryphp/vendor/hunzhiwange/framework/src/Queryyetsimple/Router/Router.php<br> Line: 295 []
[2018-04-15 21:52][8]: Undefined index: _c<br> File: /data/codes/queryphp/vendor/hunzhiwange/framework/src/Queryyetsimple/Router/Router.php<br> Line: 315 []
[2018-04-15 21:52][8]: Undefined index: _a<br> File: /data/codes/queryphp/vendor/hunzhiwange/framework/src/Queryyetsimple/Router/Router.php<br> Line: 335 []
[2018-04-15 21:52][8]: Undefined index: _c<br> File: /data/codes/queryphp/vendor/hunzhiwange/framework/src/Queryyetsimple/Router/Router.php<br> Line: 315 []
[2018-04-15 21:52][8]: Undefined index: _a<br> File: /data/codes/queryphp/vendor/hunzhiwange/framework/src/Queryyetsimple/Router/Router.php<br> Line: 335 []
[2018-04-15 21:52][8]: Undefined index: _app<br> File: /data/codes/queryphp/vendor/hunzhiwange/framework/src/Queryyetsimple/Router/Router.php<br> Line: 295 []
[2018-04-15 21:52][8]: Undefined index: _app<br> File: /data/codes/queryphp/vendor/hunzhiwange/framework/src/Queryyetsimple/Router/Router.php<br> Line: 295 []
[2018-04-15 21:52][8]: Undefined index: _c<br> File: /data/codes/queryphp/vendor/hunzhiwange/framework/src/Queryyetsimple/Router/Router.php<br> Line: 315 []
[2018-04-15 21:52][8]: Undefined index: _a<br> File: /data/codes/queryphp/vendor/hunzhiwange/framework/src/Queryyetsimple/Router/Router.php<br> Line: 335 []
[2018-04-15 21:52][8]: Undefined index: _a<br> File: /data/codes/queryphp/vendor/hunzhiwange/framework/src/Queryyetsimple/Router/Router.php<br> Line: 335 []
[2018-04-15 21:52][8]: Undefined index: _app<br> File: /data/codes/queryphp/vendor/hunzhiwange/framework/src/Queryyetsimple/Router/Router.php<br> Line: 295 []
[2018-04-15 21:52][0] The node \App\Controller\->() is not registered. Router.php line 1360 []
[2018-04-15 21:53][8]: Undefined index: basepaths<br> File: /data/codes/queryphp/vendor/hunzhiwange/framework/src/Queryyetsimple/Router/Router.php<br> Line: 422 []
[2018-04-15 21:53][8]: Undefined index: groups<br> File: /data/codes/queryphp/vendor/hunzhiwange/framework/src/Queryyetsimple/Router/Router.php<br> Line: 423 []
[2018-04-15 21:53][8]: Undefined index: _app<br> File: /data/codes/queryphp/vendor/hunzhiwange/framework/src/Queryyetsimple/Router/Router.php<br> Line: 295 []
[2018-04-15 21:53][8]: Undefined index: _c<br> File: /data/codes/queryphp/vendor/hunzhiwange/framework/src/Queryyetsimple/Router/Router.php<br> Line: 315 []
[2018-04-15 21:53][8]: Undefined index: _a<br> File: /data/codes/queryphp/vendor/hunzhiwange/framework/src/Queryyetsimple/Router/Router.php<br> Line: 335 []
[2018-04-15 21:53][8]: Undefined index: _app<br> File: /data/codes/queryphp/vendor/hunzhiwange/framework/src/Queryyetsimple/Router/Router.php<br> Line: 295 []
[2018-04-15 21:53][8]: Undefined index: _c<br> File: /data/codes/queryphp/vendor/hunzhiwange/framework/src/Queryyetsimple/Router/Router.php<br> Line: 315 []
[2018-04-15 21:53][8]: Undefined index: _a<br> File: /data/codes/queryphp/vendor/hunzhiwange/framework/src/Queryyetsimple/Router/Router.php<br> Line: 335 []
[2018-04-15 21:53][8]: Undefined index: _app<br> File: /data/codes/queryphp/vendor/hunzhiwange/framework/src/Queryyetsimple/Router/Router.php<br> Line: 295 []
[2018-04-15 21:53][8]: Undefined index: _c<br> File: /data/codes/queryphp/vendor/hunzhiwange/framework/src/Queryyetsimple/Router/Router.php<br> Line: 315 []
[2018-04-15 21:53][8]: Undefined index: _a<br> File: /data/codes/queryphp/vendor/hunzhiwange/framework/src/Queryyetsimple/Router/Router.php<br> Line: 335 []
[2018-04-15 21:53][8]: Undefined index: _app<br> File: /data/codes/queryphp/vendor/hunzhiwange/framework/src/Queryyetsimple/Router/Router.php<br> Line: 295 []
[2018-04-15 21:53][8]: Undefined index: _c<br> File: /data/codes/queryphp/vendor/hunzhiwange/framework/src/Queryyetsimple/Router/Router.php<br> Line: 315 []
[2018-04-15 21:53][8]: Undefined index: _a<br> File: /data/codes/queryphp/vendor/hunzhiwange/framework/src/Queryyetsimple/Router/Router.php<br> Line: 335 []
[2018-04-15 21:53][8]: Undefined index: _app<br> File: /data/codes/queryphp/vendor/hunzhiwange/framework/src/Queryyetsimple/Router/Router.php<br> Line: 295 []
[2018-04-15 21:53][8]: Undefined index: _app<br> File: /data/codes/queryphp/vendor/hunzhiwange/framework/src/Queryyetsimple/Router/Router.php<br> Line: 295 []
[2018-04-15 21:53][8]: Undefined index: _c<br> File: /data/codes/queryphp/vendor/hunzhiwange/framework/src/Queryyetsimple/Router/Router.php<br> Line: 315 []
[2018-04-15 21:53][8]: Undefined index: _a<br> File: /data/codes/queryphp/vendor/hunzhiwange/framework/src/Queryyetsimple/Router/Router.php<br> Line: 335 []
[2018-04-15 21:53][8]: Undefined index: _c<br> File: /data/codes/queryphp/vendor/hunzhiwange/framework/src/Queryyetsimple/Router/Router.php<br> Line: 315 []
[2018-04-15 21:53][8]: Undefined index: _a<br> File: /data/codes/queryphp/vendor/hunzhiwange/framework/src/Queryyetsimple/Router/Router.php<br> Line: 335 []
[2018-04-15 21:53][8]: Undefined index: _app<br> File: /data/codes/queryphp/vendor/hunzhiwange/framework/src/Queryyetsimple/Router/Router.php<br> Line: 295 []
[2018-04-15 21:53][8]: Undefined index: _app<br> File: /data/codes/queryphp/vendor/hunzhiwange/framework/src/Queryyetsimple/Router/Router.php<br> Line: 295 []
[2018-04-15 21:53][8]: Undefined index: _c<br> File: /data/codes/queryphp/vendor/hunzhiwange/framework/src/Queryyetsimple/Router/Router.php<br> Line: 315 []
[2018-04-15 21:53][8]: Undefined index: _a<br> File: /data/codes/queryphp/vendor/hunzhiwange/framework/src/Queryyetsimple/Router/Router.php<br> Line: 335 []
[2018-04-15 21:53][8]: Undefined index: _a<br> File: /data/codes/queryphp/vendor/hunzhiwange/framework/src/Queryyetsimple/Router/Router.php<br> Line: 335 []
[2018-04-15 21:53][8]: Undefined index: _app<br> File: /data/codes/queryphp/vendor/hunzhiwange/framework/src/Queryyetsimple/Router/Router.php<br> Line: 295 []
[2018-04-15 21:53][0] The node \App\Controller\->() is not registered. Router.php line 1360 []
[2018-04-15 21:53][8]: Undefined index: basepaths<br> File: /data/codes/queryphp/vendor/hunzhiwange/framework/src/Queryyetsimple/Router/Router.php<br> Line: 422 []
[2018-04-15 21:53][8]: Undefined index: groups<br> File: /data/codes/queryphp/vendor/hunzhiwange/framework/src/Queryyetsimple/Router/Router.php<br> Line: 423 []
[2018-04-15 21:53][8]: Undefined index: _app<br> File: /data/codes/queryphp/vendor/hunzhiwange/framework/src/Queryyetsimple/Router/Router.php<br> Line: 295 []
[2018-04-15 21:53][8]: Undefined index: _c<br> File: /data/codes/queryphp/vendor/hunzhiwange/framework/src/Queryyetsimple/Router/Router.php<br> Line: 315 []
[2018-04-15 21:53][8]: Undefined index: _a<br> File: /data/codes/queryphp/vendor/hunzhiwange/framework/src/Queryyetsimple/Router/Router.php<br> Line: 335 []
[2018-04-15 21:53][8]: Undefined index: _app<br> File: /data/codes/queryphp/vendor/hunzhiwange/framework/src/Queryyetsimple/Router/Router.php<br> Line: 295 []
[2018-04-15 21:53][8]: Undefined index: _c<br> File: /data/codes/queryphp/vendor/hunzhiwange/framework/src/Queryyetsimple/Router/Router.php<br> Line: 315 []
[2018-04-15 21:53][8]: Undefined index: _a<br> File: /data/codes/queryphp/vendor/hunzhiwange/framework/src/Queryyetsimple/Router/Router.php<br> Line: 335 []
[2018-04-15 21:53][8]: Undefined index: _app<br> File: /data/codes/queryphp/vendor/hunzhiwange/framework/src/Queryyetsimple/Router/Router.php<br> Line: 295 []
[2018-04-15 21:53][8]: Undefined index: _c<br> File: /data/codes/queryphp/vendor/hunzhiwange/framework/src/Queryyetsimple/Router/Router.php<br> Line: 315 []
[2018-04-15 21:53][8]: Undefined index: _a<br> File: /data/codes/queryphp/vendor/hunzhiwange/framework/src/Queryyetsimple/Router/Router.php<br> Line: 335 []
[2018-04-15 21:53][8]: Undefined index: _app<br> File: /data/codes/queryphp/vendor/hunzhiwange/framework/src/Queryyetsimple/Router/Router.php<br> Line: 295 []
[2018-04-15 21:53][8]: Undefined index: _c<br> File: /data/codes/queryphp/vendor/hunzhiwange/framework/src/Queryyetsimple/Router/Router.php<br> Line: 315 []
[2018-04-15 21:53][8]: Undefined index: _a<br> File: /data/codes/queryphp/vendor/hunzhiwange/framework/src/Queryyetsimple/Router/Router.php<br> Line: 335 []
[2018-04-15 21:53][8]: Undefined index: _app<br> File: /data/codes/queryphp/vendor/hunzhiwange/framework/src/Queryyetsimple/Router/Router.php<br> Line: 295 []
[2018-04-15 21:53][8]: Undefined index: _app<br> File: /data/codes/queryphp/vendor/hunzhiwange/framework/src/Queryyetsimple/Router/Router.php<br> Line: 295 []
[2018-04-15 21:53][8]: Undefined index: _c<br> File: /data/codes/queryphp/vendor/hunzhiwange/framework/src/Queryyetsimple/Router/Router.php<br> Line: 315 []
[2018-04-15 21:53][8]: Undefined index: _a<br> File: /data/codes/queryphp/vendor/hunzhiwange/framework/src/Queryyetsimple/Router/Router.php<br> Line: 335 []
[2018-04-15 21:53][8]: Undefined index: _c<br> File: /data/codes/queryphp/vendor/hunzhiwange/framework/src/Queryyetsimple/Router/Router.php<br> Line: 315 []
[2018-04-15 21:53][8]: Undefined index: _a<br> File: /data/codes/queryphp/vendor/hunzhiwange/framework/src/Queryyetsimple/Router/Router.php<br> Line: 335 []
[2018-04-15 21:53][8]: Undefined index: _app<br> File: /data/codes/queryphp/vendor/hunzhiwange/framework/src/Queryyetsimple/Router/Router.php<br> Line: 295 []
[2018-04-15 21:53][8]: Undefined index: _app<br> File: /data/codes/queryphp/vendor/hunzhiwange/framework/src/Queryyetsimple/Router/Router.php<br> Line: 295 []
[2018-04-15 21:53][8]: Undefined index: _c<br> File: /data/codes/queryphp/vendor/hunzhiwange/framework/src/Queryyetsimple/Router/Router.php<br> Line: 315 []
[2018-04-15 21:53][8]: Undefined index: _a<br> File: /data/codes/queryphp/vendor/hunzhiwange/framework/src/Queryyetsimple/Router/Router.php<br> Line: 335 []
[2018-04-15 21:53][8]: Undefined index: _a<br> File: /data/codes/queryphp/vendor/hunzhiwange/framework/src/Queryyetsimple/Router/Router.php<br> Line: 335 []
[2018-04-15 21:53][8]: Undefined index: _app<br> File: /data/codes/queryphp/vendor/hunzhiwange/framework/src/Queryyetsimple/Router/Router.php<br> Line: 295 []
[2018-04-15 21:53][0] The node \App\Controller\->() is not registered. Router.php line 1360 []
[2018-04-15 21:53][8]: Undefined index: basepaths<br> File: /data/codes/queryphp/vendor/hunzhiwange/framework/src/Queryyetsimple/Router/Router.php<br> Line: 422 []
[2018-04-15 21:53][8]: Undefined index: groups<br> File: /data/codes/queryphp/vendor/hunzhiwange/framework/src/Queryyetsimple/Router/Router.php<br> Line: 423 []
[2018-04-15 21:53][8]: Undefined index: _app<br> File: /data/codes/queryphp/vendor/hunzhiwange/framework/src/Queryyetsimple/Router/Router.php<br> Line: 295 []
[2018-04-15 21:53][8]: Undefined index: _c<br> File: /data/codes/queryphp/vendor/hunzhiwange/framework/src/Queryyetsimple/Router/Router.php<br> Line: 315 []
[2018-04-15 21:53][8]: Undefined index: _a<br> File: /data/codes/queryphp/vendor/hunzhiwange/framework/src/Queryyetsimple/Router/Router.php<br> Line: 335 []
[2018-04-15 21:53][8]: Undefined index: _app<br> File: /data/codes/queryphp/vendor/hunzhiwange/framework/src/Queryyetsimple/Router/Router.php<br> Line: 295 []
[2018-04-15 21:53][8]: Undefined index: _c<br> File: /data/codes/queryphp/vendor/hunzhiwange/framework/src/Queryyetsimple/Router/Router.php<br> Line: 315 []
[2018-04-15 21:53][8]: Undefined index: _a<br> File: /data/codes/queryphp/vendor/hunzhiwange/framework/src/Queryyetsimple/Router/Router.php<br> Line: 335 []
[2018-04-15 21:53][8]: Undefined index: _app<br> File: /data/codes/queryphp/vendor/hunzhiwange/framework/src/Queryyetsimple/Router/Router.php<br> Line: 295 []
[2018-04-15 21:53][8]: Undefined index: _c<br> File: /data/codes/queryphp/vendor/hunzhiwange/framework/src/Queryyetsimple/Router/Router.php<br> Line: 315 []
[2018-04-15 21:53][8]: Undefined index: _a<br> File: /data/codes/queryphp/vendor/hunzhiwange/framework/src/Queryyetsimple/Router/Router.php<br> Line: 335 []
[2018-04-15 21:53][8]: Undefined index: _app<br> File: /data/codes/queryphp/vendor/hunzhiwange/framework/src/Queryyetsimple/Router/Router.php<br> Line: 295 []
[2018-04-15 21:53][8]: Undefined index: _c<br> File: /data/codes/queryphp/vendor/hunzhiwange/framework/src/Queryyetsimple/Router/Router.php<br> Line: 315 []
[2018-04-15 21:53][8]: Undefined index: _a<br> File: /data/codes/queryphp/vendor/hunzhiwange/framework/src/Queryyetsimple/Router/Router.php<br> Line: 335 []
[2018-04-15 21:53][8]: Undefined index: _app<br> File: /data/codes/queryphp/vendor/hunzhiwange/framework/src/Queryyetsimple/Router/Router.php<br> Line: 295 []
[2018-04-15 21:53][8]: Undefined index: _app<br> File: /data/codes/queryphp/vendor/hunzhiwange/framework/src/Queryyetsimple/Router/Router.php<br> Line: 295 []
[2018-04-15 21:53][8]: Undefined index: _c<br> File: /data/codes/queryphp/vendor/hunzhiwange/framework/src/Queryyetsimple/Router/Router.php<br> Line: 315 []
[2018-04-15 21:53][8]: Undefined index: _a<br> File: /data/codes/queryphp/vendor/hunzhiwange/framework/src/Queryyetsimple/Router/Router.php<br> Line: 335 []
[2018-04-15 21:53][8]: Undefined index: _c<br> File: /data/codes/queryphp/vendor/hunzhiwange/framework/src/Queryyetsimple/Router/Router.php<br> Line: 315 []
[2018-04-15 21:53][8]: Undefined index: _a<br> File: /data/codes/queryphp/vendor/hunzhiwange/framework/src/Queryyetsimple/Router/Router.php<br> Line: 335 []
[2018-04-15 21:53][8]: Undefined index: _app<br> File: /data/codes/queryphp/vendor/hunzhiwange/framework/src/Queryyetsimple/Router/Router.php<br> Line: 295 []
[2018-04-15 21:53][8]: Undefined index: _app<br> File: /data/codes/queryphp/vendor/hunzhiwange/framework/src/Queryyetsimple/Router/Router.php<br> Line: 295 []
[2018-04-15 21:53][8]: Undefined index: _c<br> File: /data/codes/queryphp/vendor/hunzhiwange/framework/src/Queryyetsimple/Router/Router.php<br> Line: 315 []
[2018-04-15 21:53][8]: Undefined index: _a<br> File: /data/codes/queryphp/vendor/hunzhiwange/framework/src/Queryyetsimple/Router/Router.php<br> Line: 335 []
[2018-04-15 21:53][8]: Undefined index: _a<br> File: /data/codes/queryphp/vendor/hunzhiwange/framework/src/Queryyetsimple/Router/Router.php<br> Line: 335 []
[2018-04-15 21:53][8]: Undefined index: _app<br> File: /data/codes/queryphp/vendor/hunzhiwange/framework/src/Queryyetsimple/Router/Router.php<br> Line: 295 []
[2018-04-15 21:53][0] The node \App\Controller\->() is not registered. Router.php line 1360 []
[2018-04-15 21:55][8]: Undefined index: _app<br> File: /data/codes/queryphp/vendor/hunzhiwange/framework/src/Queryyetsimple/Router/Router.php<br> Line: 295 []
[2018-04-15 21:55][8]: Undefined index: _c<br> File: /data/codes/queryphp/vendor/hunzhiwange/framework/src/Queryyetsimple/Router/Router.php<br> Line: 315 []
[2018-04-15 21:55][8]: Undefined index: _a<br> File: /data/codes/queryphp/vendor/hunzhiwange/framework/src/Queryyetsimple/Router/Router.php<br> Line: 335 []
[2018-04-15 21:55][8]: Undefined index: _app<br> File: /data/codes/queryphp/vendor/hunzhiwange/framework/src/Queryyetsimple/Router/Router.php<br> Line: 295 []
[2018-04-15 21:55][8]: Undefined index: _c<br> File: /data/codes/queryphp/vendor/hunzhiwange/framework/src/Queryyetsimple/Router/Router.php<br> Line: 315 []
[2018-04-15 21:55][8]: Undefined index: _a<br> File: /data/codes/queryphp/vendor/hunzhiwange/framework/src/Queryyetsimple/Router/Router.php<br> Line: 335 []
[2018-04-15 21:55][8]: Undefined index: _app<br> File: /data/codes/queryphp/vendor/hunzhiwange/framework/src/Queryyetsimple/Router/Router.php<br> Line: 295 []
[2018-04-15 21:55][8]: Undefined index: _c<br> File: /data/codes/queryphp/vendor/hunzhiwange/framework/src/Queryyetsimple/Router/Router.php<br> Line: 315 []
[2018-04-15 21:55][8]: Undefined index: _a<br> File: /data/codes/queryphp/vendor/hunzhiwange/framework/src/Queryyetsimple/Router/Router.php<br> Line: 335 []
[2018-04-15 21:55][8]: Undefined index: _app<br> File: /data/codes/queryphp/vendor/hunzhiwange/framework/src/Queryyetsimple/Router/Router.php<br> Line: 295 []
[2018-04-15 21:55][8]: Undefined index: _c<br> File: /data/codes/queryphp/vendor/hunzhiwange/framework/src/Queryyetsimple/Router/Router.php<br> Line: 315 []
[2018-04-15 21:55][8]: Undefined index: _a<br> File: /data/codes/queryphp/vendor/hunzhiwange/framework/src/Queryyetsimple/Router/Router.php<br> Line: 335 []
[2018-04-15 21:55][8]: Undefined index: _app<br> File: /data/codes/queryphp/vendor/hunzhiwange/framework/src/Queryyetsimple/Router/Router.php<br> Line: 295 []
[2018-04-15 21:55][8]: Undefined index: _app<br> File: /data/codes/queryphp/vendor/hunzhiwange/framework/src/Queryyetsimple/Router/Router.php<br> Line: 295 []
[2018-04-15 21:55][8]: Undefined index: _c<br> File: /data/codes/queryphp/vendor/hunzhiwange/framework/src/Queryyetsimple/Router/Router.php<br> Line: 315 []
[2018-04-15 21:55][8]: Undefined index: _a<br> File: /data/codes/queryphp/vendor/hunzhiwange/framework/src/Queryyetsimple/Router/Router.php<br> Line: 335 []
[2018-04-15 21:55][8]: Undefined index: _c<br> File: /data/codes/queryphp/vendor/hunzhiwange/framework/src/Queryyetsimple/Router/Router.php<br> Line: 315 []
[2018-04-15 21:55][8]: Undefined index: _a<br> File: /data/codes/queryphp/vendor/hunzhiwange/framework/src/Queryyetsimple/Router/Router.php<br> Line: 335 []
[2018-04-15 21:55][8]: Undefined index: _app<br> File: /data/codes/queryphp/vendor/hunzhiwange/framework/src/Queryyetsimple/Router/Router.php<br> Line: 295 []
[2018-04-15 21:55][8]: Undefined index: _app<br> File: /data/codes/queryphp/vendor/hunzhiwange/framework/src/Queryyetsimple/Router/Router.php<br> Line: 295 []
[2018-04-15 21:55][8]: Undefined index: _c<br> File: /data/codes/queryphp/vendor/hunzhiwange/framework/src/Queryyetsimple/Router/Router.php<br> Line: 315 []
[2018-04-15 21:55][8]: Undefined index: _a<br> File: /data/codes/queryphp/vendor/hunzhiwange/framework/src/Queryyetsimple/Router/Router.php<br> Line: 335 []
[2018-04-15 21:55][8]: Undefined index: _a<br> File: /data/codes/queryphp/vendor/hunzhiwange/framework/src/Queryyetsimple/Router/Router.php<br> Line: 335 []
[2018-04-15 21:55][8]: Undefined index: _app<br> File: /data/codes/queryphp/vendor/hunzhiwange/framework/src/Queryyetsimple/Router/Router.php<br> Line: 295 []
[2018-04-15 21:55][0] The node \App\Controller\->() is not registered. Router.php line 1361 []
[2018-04-15 21:55][8]: Undefined index: _app<br> File: /data/codes/queryphp/vendor/hunzhiwange/framework/src/Queryyetsimple/Router/Router.php<br> Line: 295 []
[2018-04-15 21:55][8]: Undefined index: _c<br> File: /data/codes/queryphp/vendor/hunzhiwange/framework/src/Queryyetsimple/Router/Router.php<br> Line: 315 []
[2018-04-15 21:55][8]: Undefined index: _a<br> File: /data/codes/queryphp/vendor/hunzhiwange/framework/src/Queryyetsimple/Router/Router.php<br> Line: 335 []
[2018-04-15 21:55][8]: Undefined index: _app<br> File: /data/codes/queryphp/vendor/hunzhiwange/framework/src/Queryyetsimple/Router/Router.php<br> Line: 295 []
[2018-04-15 21:55][8]: Undefined index: _c<br> File: /data/codes/queryphp/vendor/hunzhiwange/framework/src/Queryyetsimple/Router/Router.php<br> Line: 315 []
[2018-04-15 21:55][8]: Undefined index: _a<br> File: /data/codes/queryphp/vendor/hunzhiwange/framework/src/Queryyetsimple/Router/Router.php<br> Line: 335 []
[2018-04-15 21:55][8]: Undefined index: _app<br> File: /data/codes/queryphp/vendor/hunzhiwange/framework/src/Queryyetsimple/Router/Router.php<br> Line: 295 []
[2018-04-15 21:55][8]: Undefined index: _c<br> File: /data/codes/queryphp/vendor/hunzhiwange/framework/src/Queryyetsimple/Router/Router.php<br> Line: 315 []
[2018-04-15 21:55][8]: Undefined index: _a<br> File: /data/codes/queryphp/vendor/hunzhiwange/framework/src/Queryyetsimple/Router/Router.php<br> Line: 335 []
[2018-04-15 21:55][8]: Undefined index: _app<br> File: /data/codes/queryphp/vendor/hunzhiwange/framework/src/Queryyetsimple/Router/Router.php<br> Line: 295 []
[2018-04-15 21:55][8]: Undefined index: _c<br> File: /data/codes/queryphp/vendor/hunzhiwange/framework/src/Queryyetsimple/Router/Router.php<br> Line: 315 []
[2018-04-15 21:55][8]: Undefined index: _a<br> File: /data/codes/queryphp/vendor/hunzhiwange/framework/src/Queryyetsimple/Router/Router.php<br> Line: 335 []
[2018-04-15 21:55][8]: Undefined index: _app<br> File: /data/codes/queryphp/vendor/hunzhiwange/framework/src/Queryyetsimple/Router/Router.php<br> Line: 295 []
[2018-04-15 21:55][8]: Undefined index: _app<br> File: /data/codes/queryphp/vendor/hunzhiwange/framework/src/Queryyetsimple/Router/Router.php<br> Line: 295 []
[2018-04-15 21:55][8]: Undefined index: _c<br> File: /data/codes/queryphp/vendor/hunzhiwange/framework/src/Queryyetsimple/Router/Router.php<br> Line: 315 []
[2018-04-15 21:55][8]: Undefined index: _a<br> File: /data/codes/queryphp/vendor/hunzhiwange/framework/src/Queryyetsimple/Router/Router.php<br> Line: 335 []
[2018-04-15 21:55][8]: Undefined index: _c<br> File: /data/codes/queryphp/vendor/hunzhiwange/framework/src/Queryyetsimple/Router/Router.php<br> Line: 315 []
[2018-04-15 21:55][8]: Undefined index: _a<br> File: /data/codes/queryphp/vendor/hunzhiwange/framework/src/Queryyetsimple/Router/Router.php<br> Line: 335 []
[2018-04-15 21:55][8]: Undefined index: _app<br> File: /data/codes/queryphp/vendor/hunzhiwange/framework/src/Queryyetsimple/Router/Router.php<br> Line: 295 []
[2018-04-15 21:55][8]: Undefined index: _app<br> File: /data/codes/queryphp/vendor/hunzhiwange/framework/src/Queryyetsimple/Router/Router.php<br> Line: 295 []
[2018-04-15 21:55][8]: Undefined index: _c<br> File: /data/codes/queryphp/vendor/hunzhiwange/framework/src/Queryyetsimple/Router/Router.php<br> Line: 315 []
[2018-04-15 21:55][8]: Undefined index: _a<br> File: /data/codes/queryphp/vendor/hunzhiwange/framework/src/Queryyetsimple/Router/Router.php<br> Line: 335 []
[2018-04-15 21:55][8]: Undefined index: _a<br> File: /data/codes/queryphp/vendor/hunzhiwange/framework/src/Queryyetsimple/Router/Router.php<br> Line: 335 []
[2018-04-15 21:55][8]: Undefined index: _app<br> File: /data/codes/queryphp/vendor/hunzhiwange/framework/src/Queryyetsimple/Router/Router.php<br> Line: 295 []
[2018-04-15 21:55][0] The node \App\Controller\->() is not registered. Router.php line 1361 []
[2018-04-15 21:57][8]: Undefined index: _app<br> File: /data/codes/queryphp/vendor/hunzhiwange/framework/src/Queryyetsimple/Router/Router.php<br> Line: 295 []
[2018-04-15 21:57][8]: Undefined index: _c<br> File: /data/codes/queryphp/vendor/hunzhiwange/framework/src/Queryyetsimple/Router/Router.php<br> Line: 315 []
[2018-04-15 21:57][8]: Undefined index: _a<br> File: /data/codes/queryphp/vendor/hunzhiwange/framework/src/Queryyetsimple/Router/Router.php<br> Line: 335 []
[2018-04-15 21:57][8]: Undefined index: _app<br> File: /data/codes/queryphp/vendor/hunzhiwange/framework/src/Queryyetsimple/Router/Router.php<br> Line: 295 []
[2018-04-15 21:57][8]: Undefined index: _c<br> File: /data/codes/queryphp/vendor/hunzhiwange/framework/src/Queryyetsimple/Router/Router.php<br> Line: 315 []
[2018-04-15 21:57][8]: Undefined index: _a<br> File: /data/codes/queryphp/vendor/hunzhiwange/framework/src/Queryyetsimple/Router/Router.php<br> Line: 335 []
[2018-04-15 21:57][8]: Undefined index: _app<br> File: /data/codes/queryphp/vendor/hunzhiwange/framework/src/Queryyetsimple/Router/Router.php<br> Line: 295 []
[2018-04-15 21:57][8]: Undefined index: _c<br> File: /data/codes/queryphp/vendor/hunzhiwange/framework/src/Queryyetsimple/Router/Router.php<br> Line: 315 []
[2018-04-15 21:57][8]: Undefined index: _a<br> File: /data/codes/queryphp/vendor/hunzhiwange/framework/src/Queryyetsimple/Router/Router.php<br> Line: 335 []
[2018-04-15 21:57][8]: Undefined index: _app<br> File: /data/codes/queryphp/vendor/hunzhiwange/framework/src/Queryyetsimple/Router/Router.php<br> Line: 295 []
[2018-04-15 21:57][8]: Undefined index: _c<br> File: /data/codes/queryphp/vendor/hunzhiwange/framework/src/Queryyetsimple/Router/Router.php<br> Line: 315 []
[2018-04-15 21:57][8]: Undefined index: _a<br> File: /data/codes/queryphp/vendor/hunzhiwange/framework/src/Queryyetsimple/Router/Router.php<br> Line: 335 []
[2018-04-15 21:57][8]: Undefined index: _app<br> File: /data/codes/queryphp/vendor/hunzhiwange/framework/src/Queryyetsimple/Router/Router.php<br> Line: 295 []
[2018-04-15 21:57][8]: Undefined index: _app<br> File: /data/codes/queryphp/vendor/hunzhiwange/framework/src/Queryyetsimple/Router/Router.php<br> Line: 295 []
[2018-04-15 21:57][8]: Undefined index: _c<br> File: /data/codes/queryphp/vendor/hunzhiwange/framework/src/Queryyetsimple/Router/Router.php<br> Line: 315 []
[2018-04-15 21:57][8]: Undefined index: _a<br> File: /data/codes/queryphp/vendor/hunzhiwange/framework/src/Queryyetsimple/Router/Router.php<br> Line: 335 []
[2018-04-15 21:57][8]: Undefined index: _c<br> File: /data/codes/queryphp/vendor/hunzhiwange/framework/src/Queryyetsimple/Router/Router.php<br> Line: 315 []
[2018-04-15 21:57][8]: Undefined index: _a<br> File: /data/codes/queryphp/vendor/hunzhiwange/framework/src/Queryyetsimple/Router/Router.php<br> Line: 335 []
[2018-04-15 21:57][8]: Undefined index: _app<br> File: /data/codes/queryphp/vendor/hunzhiwange/framework/src/Queryyetsimple/Router/Router.php<br> Line: 295 []
[2018-04-15 21:57][8]: Undefined index: _app<br> File: /data/codes/queryphp/vendor/hunzhiwange/framework/src/Queryyetsimple/Router/Router.php<br> Line: 295 []
[2018-04-15 21:57][8]: Undefined index: _c<br> File: /data/codes/queryphp/vendor/hunzhiwange/framework/src/Queryyetsimple/Router/Router.php<br> Line: 315 []
[2018-04-15 21:57][8]: Undefined index: _a<br> File: /data/codes/queryphp/vendor/hunzhiwange/framework/src/Queryyetsimple/Router/Router.php<br> Line: 335 []
[2018-04-15 21:57][8]: Undefined index: _a<br> File: /data/codes/queryphp/vendor/hunzhiwange/framework/src/Queryyetsimple/Router/Router.php<br> Line: 335 []
[2018-04-15 21:57][8]: Undefined index: _app<br> File: /data/codes/queryphp/vendor/hunzhiwange/framework/src/Queryyetsimple/Router/Router.php<br> Line: 295 []
[2018-04-15 21:57][0] The node \App\Controller\->() is not registered. Router.php line 1361 []
[2018-04-15 21:57][8]: Undefined index: _app<br> File: /data/codes/queryphp/vendor/hunzhiwange/framework/src/Queryyetsimple/Router/Router.php<br> Line: 295 []
[2018-04-15 21:57][8]: Undefined index: _c<br> File: /data/codes/queryphp/vendor/hunzhiwange/framework/src/Queryyetsimple/Router/Router.php<br> Line: 315 []
[2018-04-15 21:57][8]: Undefined index: _a<br> File: /data/codes/queryphp/vendor/hunzhiwange/framework/src/Queryyetsimple/Router/Router.php<br> Line: 335 []
[2018-04-15 21:57][8]: Undefined index: _app<br> File: /data/codes/queryphp/vendor/hunzhiwange/framework/src/Queryyetsimple/Router/Router.php<br> Line: 295 []
[2018-04-15 21:57][8]: Undefined index: _c<br> File: /data/codes/queryphp/vendor/hunzhiwange/framework/src/Queryyetsimple/Router/Router.php<br> Line: 315 []
[2018-04-15 21:57][8]: Undefined index: _a<br> File: /data/codes/queryphp/vendor/hunzhiwange/framework/src/Queryyetsimple/Router/Router.php<br> Line: 335 []
[2018-04-15 21:57][8]: Undefined index: _app<br> File: /data/codes/queryphp/vendor/hunzhiwange/framework/src/Queryyetsimple/Router/Router.php<br> Line: 295 []
[2018-04-15 21:57][8]: Undefined index: _c<br> File: /data/codes/queryphp/vendor/hunzhiwange/framework/src/Queryyetsimple/Router/Router.php<br> Line: 315 []
[2018-04-15 21:57][8]: Undefined index: _a<br> File: /data/codes/queryphp/vendor/hunzhiwange/framework/src/Queryyetsimple/Router/Router.php<br> Line: 335 []
[2018-04-15 21:57][8]: Undefined index: _app<br> File: /data/codes/queryphp/vendor/hunzhiwange/framework/src/Queryyetsimple/Router/Router.php<br> Line: 295 []
[2018-04-15 21:57][8]: Undefined index: _c<br> File: /data/codes/queryphp/vendor/hunzhiwange/framework/src/Queryyetsimple/Router/Router.php<br> Line: 315 []
[2018-04-15 21:57][8]: Undefined index: _a<br> File: /data/codes/queryphp/vendor/hunzhiwange/framework/src/Queryyetsimple/Router/Router.php<br> Line: 335 []
[2018-04-15 21:57][8]: Undefined index: _app<br> File: /data/codes/queryphp/vendor/hunzhiwange/framework/src/Queryyetsimple/Router/Router.php<br> Line: 295 []
[2018-04-15 21:57][8]: Undefined index: _app<br> File: /data/codes/queryphp/vendor/hunzhiwange/framework/src/Queryyetsimple/Router/Router.php<br> Line: 295 []
[2018-04-15 21:57][8]: Undefined index: _c<br> File: /data/codes/queryphp/vendor/hunzhiwange/framework/src/Queryyetsimple/Router/Router.php<br> Line: 315 []
[2018-04-15 21:57][8]: Undefined index: _a<br> File: /data/codes/queryphp/vendor/hunzhiwange/framework/src/Queryyetsimple/Router/Router.php<br> Line: 335 []
[2018-04-15 21:57][8]: Undefined index: _c<br> File: /data/codes/queryphp/vendor/hunzhiwange/framework/src/Queryyetsimple/Router/Router.php<br> Line: 315 []
[2018-04-15 21:57][8]: Undefined index: _a<br> File: /data/codes/queryphp/vendor/hunzhiwange/framework/src/Queryyetsimple/Router/Router.php<br> Line: 335 []
[2018-04-15 21:57][8]: Undefined index: _app<br> File: /data/codes/queryphp/vendor/hunzhiwange/framework/src/Queryyetsimple/Router/Router.php<br> Line: 295 []
[2018-04-15 21:57][8]: Undefined index: _app<br> File: /data/codes/queryphp/vendor/hunzhiwange/framework/src/Queryyetsimple/Router/Router.php<br> Line: 295 []
[2018-04-15 21:57][8]: Undefined index: _c<br> File: /data/codes/queryphp/vendor/hunzhiwange/framework/src/Queryyetsimple/Router/Router.php<br> Line: 315 []
[2018-04-15 21:57][8]: Undefined index: _a<br> File: /data/codes/queryphp/vendor/hunzhiwange/framework/src/Queryyetsimple/Router/Router.php<br> Line: 335 []
[2018-04-15 21:57][8]: Undefined index: _a<br> File: /data/codes/queryphp/vendor/hunzhiwange/framework/src/Queryyetsimple/Router/Router.php<br> Line: 335 []
[2018-04-15 21:57][8]: Undefined index: _app<br> File: /data/codes/queryphp/vendor/hunzhiwange/framework/src/Queryyetsimple/Router/Router.php<br> Line: 295 []
[2018-04-15 21:57][0] The node \App\Controller\->() is not registered. Router.php line 1361 []
[2018-04-15 21:57][8]: Undefined index: _app<br> File: /data/codes/queryphp/vendor/hunzhiwange/framework/src/Queryyetsimple/Router/Router.php<br> Line: 295 []
[2018-04-15 21:57][8]: Undefined index: _c<br> File: /data/codes/queryphp/vendor/hunzhiwange/framework/src/Queryyetsimple/Router/Router.php<br> Line: 315 []
[2018-04-15 21:57][8]: Undefined index: _a<br> File: /data/codes/queryphp/vendor/hunzhiwange/framework/src/Queryyetsimple/Router/Router.php<br> Line: 335 []
[2018-04-15 21:57][8]: Undefined index: _app<br> File: /data/codes/queryphp/vendor/hunzhiwange/framework/src/Queryyetsimple/Router/Router.php<br> Line: 295 []
[2018-04-15 21:57][8]: Undefined index: _c<br> File: /data/codes/queryphp/vendor/hunzhiwange/framework/src/Queryyetsimple/Router/Router.php<br> Line: 315 []
[2018-04-15 21:57][8]: Undefined index: _a<br> File: /data/codes/queryphp/vendor/hunzhiwange/framework/src/Queryyetsimple/Router/Router.php<br> Line: 335 []
[2018-04-15 21:57][8]: Undefined index: _app<br> File: /data/codes/queryphp/vendor/hunzhiwange/framework/src/Queryyetsimple/Router/Router.php<br> Line: 295 []
[2018-04-15 21:57][8]: Undefined index: _c<br> File: /data/codes/queryphp/vendor/hunzhiwange/framework/src/Queryyetsimple/Router/Router.php<br> Line: 315 []
[2018-04-15 21:57][8]: Undefined index: _a<br> File: /data/codes/queryphp/vendor/hunzhiwange/framework/src/Queryyetsimple/Router/Router.php<br> Line: 335 []
[2018-04-15 21:57][8]: Undefined index: _app<br> File: /data/codes/queryphp/vendor/hunzhiwange/framework/src/Queryyetsimple/Router/Router.php<br> Line: 295 []
[2018-04-15 21:57][8]: Undefined index: _c<br> File: /data/codes/queryphp/vendor/hunzhiwange/framework/src/Queryyetsimple/Router/Router.php<br> Line: 315 []
[2018-04-15 21:57][8]: Undefined index: _a<br> File: /data/codes/queryphp/vendor/hunzhiwange/framework/src/Queryyetsimple/Router/Router.php<br> Line: 335 []
[2018-04-15 21:57][8]: Undefined index: _app<br> File: /data/codes/queryphp/vendor/hunzhiwange/framework/src/Queryyetsimple/Router/Router.php<br> Line: 295 []
[2018-04-15 21:57][8]: Undefined index: _app<br> File: /data/codes/queryphp/vendor/hunzhiwange/framework/src/Queryyetsimple/Router/Router.php<br> Line: 295 []
[2018-04-15 21:57][8]: Undefined index: _c<br> File: /data/codes/queryphp/vendor/hunzhiwange/framework/src/Queryyetsimple/Router/Router.php<br> Line: 315 []
[2018-04-15 21:57][8]: Undefined index: _a<br> File: /data/codes/queryphp/vendor/hunzhiwange/framework/src/Queryyetsimple/Router/Router.php<br> Line: 335 []
[2018-04-15 21:57][8]: Undefined index: _c<br> File: /data/codes/queryphp/vendor/hunzhiwange/framework/src/Queryyetsimple/Router/Router.php<br> Line: 315 []
[2018-04-15 21:57][8]: Undefined index: _a<br> File: /data/codes/queryphp/vendor/hunzhiwange/framework/src/Queryyetsimple/Router/Router.php<br> Line: 335 []
[2018-04-15 21:57][8]: Undefined index: _app<br> File: /data/codes/queryphp/vendor/hunzhiwange/framework/src/Queryyetsimple/Router/Router.php<br> Line: 295 []
[2018-04-15 21:57][8]: Undefined index: _app<br> File: /data/codes/queryphp/vendor/hunzhiwange/framework/src/Queryyetsimple/Router/Router.php<br> Line: 295 []
[2018-04-15 21:57][8]: Undefined index: _c<br> File: /data/codes/queryphp/vendor/hunzhiwange/framework/src/Queryyetsimple/Router/Router.php<br> Line: 315 []
[2018-04-15 21:57][8]: Undefined index: _a<br> File: /data/codes/queryphp/vendor/hunzhiwange/framework/src/Queryyetsimple/Router/Router.php<br> Line: 335 []
[2018-04-15 21:57][8]: Undefined index: _a<br> File: /data/codes/queryphp/vendor/hunzhiwange/framework/src/Queryyetsimple/Router/Router.php<br> Line: 335 []
[2018-04-15 21:57][8]: Undefined index: _app<br> File: /data/codes/queryphp/vendor/hunzhiwange/framework/src/Queryyetsimple/Router/Router.php<br> Line: 295 []
[2018-04-15 21:57][0] The node \App\Controller\->() is not registered. Router.php line 1361 []
[2018-04-15 21:57][8]: Undefined variable: pathinfo<br> File: /data/codes/queryphp/vendor/hunzhiwange/framework/src/Queryyetsimple/Router/Match/PathInfo.php<br> Line: 59 []
[2018-04-15 21:57][8]: Undefined index: _app<br> File: /data/codes/queryphp/vendor/hunzhiwange/framework/src/Queryyetsimple/Router/Router.php<br> Line: 295 []
[2018-04-15 21:57][8]: Undefined index: _c<br> File: /data/codes/queryphp/vendor/hunzhiwange/framework/src/Queryyetsimple/Router/Router.php<br> Line: 315 []
[2018-04-15 21:57][8]: Undefined index: _a<br> File: /data/codes/queryphp/vendor/hunzhiwange/framework/src/Queryyetsimple/Router/Router.php<br> Line: 335 []
[2018-04-15 21:57][8]: Undefined index: _app<br> File: /data/codes/queryphp/vendor/hunzhiwange/framework/src/Queryyetsimple/Router/Router.php<br> Line: 295 []
[2018-04-15 21:57][8]: Undefined index: _c<br> File: /data/codes/queryphp/vendor/hunzhiwange/framework/src/Queryyetsimple/Router/Router.php<br> Line: 315 []
[2018-04-15 21:57][8]: Undefined index: _a<br> File: /data/codes/queryphp/vendor/hunzhiwange/framework/src/Queryyetsimple/Router/Router.php<br> Line: 335 []
[2018-04-15 21:57][8]: Undefined index: _app<br> File: /data/codes/queryphp/vendor/hunzhiwange/framework/src/Queryyetsimple/Router/Router.php<br> Line: 295 []
[2018-04-15 21:57][8]: Undefined index: _c<br> File: /data/codes/queryphp/vendor/hunzhiwange/framework/src/Queryyetsimple/Router/Router.php<br> Line: 315 []
[2018-04-15 21:57][8]: Undefined index: _a<br> File: /data/codes/queryphp/vendor/hunzhiwange/framework/src/Queryyetsimple/Router/Router.php<br> Line: 335 []
[2018-04-15 21:57][8]: Undefined index: _app<br> File: /data/codes/queryphp/vendor/hunzhiwange/framework/src/Queryyetsimple/Router/Router.php<br> Line: 295 []
[2018-04-15 21:57][8]: Undefined index: _c<br> File: /data/codes/queryphp/vendor/hunzhiwange/framework/src/Queryyetsimple/Router/Router.php<br> Line: 315 []
[2018-04-15 21:57][8]: Undefined index: _a<br> File: /data/codes/queryphp/vendor/hunzhiwange/framework/src/Queryyetsimple/Router/Router.php<br> Line: 335 []
[2018-04-15 21:57][8]: Undefined index: _app<br> File: /data/codes/queryphp/vendor/hunzhiwange/framework/src/Queryyetsimple/Router/Router.php<br> Line: 295 []
[2018-04-15 21:57][8]: Undefined index: _app<br> File: /data/codes/queryphp/vendor/hunzhiwange/framework/src/Queryyetsimple/Router/Router.php<br> Line: 295 []
[2018-04-15 21:57][8]: Undefined index: _c<br> File: /data/codes/queryphp/vendor/hunzhiwange/framework/src/Queryyetsimple/Router/Router.php<br> Line: 315 []
[2018-04-15 21:57][8]: Undefined index: _a<br> File: /data/codes/queryphp/vendor/hunzhiwange/framework/src/Queryyetsimple/Router/Router.php<br> Line: 335 []
[2018-04-15 21:57][8]: Undefined index: _c<br> File: /data/codes/queryphp/vendor/hunzhiwange/framework/src/Queryyetsimple/Router/Router.php<br> Line: 315 []
[2018-04-15 21:57][8]: Undefined index: _a<br> File: /data/codes/queryphp/vendor/hunzhiwange/framework/src/Queryyetsimple/Router/Router.php<br> Line: 335 []
[2018-04-15 21:57][8]: Undefined index: _app<br> File: /data/codes/queryphp/vendor/hunzhiwange/framework/src/Queryyetsimple/Router/Router.php<br> Line: 295 []
[2018-04-15 21:57][8]: Undefined index: _app<br> File: /data/codes/queryphp/vendor/hunzhiwange/framework/src/Queryyetsimple/Router/Router.php<br> Line: 295 []
[2018-04-15 21:57][8]: Undefined index: _c<br> File: /data/codes/queryphp/vendor/hunzhiwange/framework/src/Queryyetsimple/Router/Router.php<br> Line: 315 []
[2018-04-15 21:57][8]: Undefined index: _a<br> File: /data/codes/queryphp/vendor/hunzhiwange/framework/src/Queryyetsimple/Router/Router.php<br> Line: 335 []
[2018-04-15 21:57][8]: Undefined index: _a<br> File: /data/codes/queryphp/vendor/hunzhiwange/framework/src/Queryyetsimple/Router/Router.php<br> Line: 335 []
[2018-04-15 21:57][8]: Undefined index: _app<br> File: /data/codes/queryphp/vendor/hunzhiwange/framework/src/Queryyetsimple/Router/Router.php<br> Line: 295 []
[2018-04-15 21:57][0] The node \App\Controller\->() is not registered. Router.php line 1361 []
[2018-04-15 21:58][8]: Undefined index: _app<br> File: /data/codes/queryphp/vendor/hunzhiwange/framework/src/Queryyetsimple/Router/Router.php<br> Line: 295 []
[2018-04-15 21:58][8]: Undefined index: _c<br> File: /data/codes/queryphp/vendor/hunzhiwange/framework/src/Queryyetsimple/Router/Router.php<br> Line: 315 []
[2018-04-15 21:58][8]: Undefined index: _a<br> File: /data/codes/queryphp/vendor/hunzhiwange/framework/src/Queryyetsimple/Router/Router.php<br> Line: 335 []
[2018-04-15 21:58][8]: Undefined index: _app<br> File: /data/codes/queryphp/vendor/hunzhiwange/framework/src/Queryyetsimple/Router/Router.php<br> Line: 295 []
[2018-04-15 21:58][8]: Undefined index: _c<br> File: /data/codes/queryphp/vendor/hunzhiwange/framework/src/Queryyetsimple/Router/Router.php<br> Line: 315 []
[2018-04-15 21:58][8]: Undefined index: _a<br> File: /data/codes/queryphp/vendor/hunzhiwange/framework/src/Queryyetsimple/Router/Router.php<br> Line: 335 []
[2018-04-15 21:58][8]: Undefined index: _app<br> File: /data/codes/queryphp/vendor/hunzhiwange/framework/src/Queryyetsimple/Router/Router.php<br> Line: 295 []
[2018-04-15 21:58][8]: Undefined index: _c<br> File: /data/codes/queryphp/vendor/hunzhiwange/framework/src/Queryyetsimple/Router/Router.php<br> Line: 315 []
[2018-04-15 21:58][8]: Undefined index: _a<br> File: /data/codes/queryphp/vendor/hunzhiwange/framework/src/Queryyetsimple/Router/Router.php<br> Line: 335 []
[2018-04-15 21:58][8]: Undefined index: _app<br> File: /data/codes/queryphp/vendor/hunzhiwange/framework/src/Queryyetsimple/Router/Router.php<br> Line: 295 []
[2018-04-15 21:58][8]: Undefined index: _c<br> File: /data/codes/queryphp/vendor/hunzhiwange/framework/src/Queryyetsimple/Router/Router.php<br> Line: 315 []
[2018-04-15 21:58][8]: Undefined index: _a<br> File: /data/codes/queryphp/vendor/hunzhiwange/framework/src/Queryyetsimple/Router/Router.php<br> Line: 335 []
[2018-04-15 21:58][8]: Undefined index: _app<br> File: /data/codes/queryphp/vendor/hunzhiwange/framework/src/Queryyetsimple/Router/Router.php<br> Line: 295 []
[2018-04-15 21:58][8]: Undefined index: _app<br> File: /data/codes/queryphp/vendor/hunzhiwange/framework/src/Queryyetsimple/Router/Router.php<br> Line: 295 []
[2018-04-15 21:58][8]: Undefined index: _c<br> File: /data/codes/queryphp/vendor/hunzhiwange/framework/src/Queryyetsimple/Router/Router.php<br> Line: 315 []
[2018-04-15 21:58][8]: Undefined index: _a<br> File: /data/codes/queryphp/vendor/hunzhiwange/framework/src/Queryyetsimple/Router/Router.php<br> Line: 335 []
[2018-04-15 21:58][8]: Undefined index: _c<br> File: /data/codes/queryphp/vendor/hunzhiwange/framework/src/Queryyetsimple/Router/Router.php<br> Line: 315 []
[2018-04-15 21:58][8]: Undefined index: _a<br> File: /data/codes/queryphp/vendor/hunzhiwange/framework/src/Queryyetsimple/Router/Router.php<br> Line: 335 []
[2018-04-15 21:58][8]: Undefined index: _app<br> File: /data/codes/queryphp/vendor/hunzhiwange/framework/src/Queryyetsimple/Router/Router.php<br> Line: 295 []
[2018-04-15 21:58][8]: Undefined index: _app<br> File: /data/codes/queryphp/vendor/hunzhiwange/framework/src/Queryyetsimple/Router/Router.php<br> Line: 295 []
[2018-04-15 21:58][8]: Undefined index: _c<br> File: /data/codes/queryphp/vendor/hunzhiwange/framework/src/Queryyetsimple/Router/Router.php<br> Line: 315 []
[2018-04-15 21:58][8]: Undefined index: _a<br> File: /data/codes/queryphp/vendor/hunzhiwange/framework/src/Queryyetsimple/Router/Router.php<br> Line: 335 []
[2018-04-15 21:58][8]: Undefined index: _a<br> File: /data/codes/queryphp/vendor/hunzhiwange/framework/src/Queryyetsimple/Router/Router.php<br> Line: 335 []
[2018-04-15 21:58][8]: Undefined index: _app<br> File: /data/codes/queryphp/vendor/hunzhiwange/framework/src/Queryyetsimple/Router/Router.php<br> Line: 295 []
[2018-04-15 21:58][0] The node \App\Controller\->() is not registered. Router.php line 1361 []
[2018-04-15 21:58][8]: Undefined index: _app<br> File: /data/codes/queryphp/vendor/hunzhiwange/framework/src/Queryyetsimple/Router/Router.php<br> Line: 295 []
[2018-04-15 21:58][8]: Undefined index: _c<br> File: /data/codes/queryphp/vendor/hunzhiwange/framework/src/Queryyetsimple/Router/Router.php<br> Line: 315 []
[2018-04-15 21:58][8]: Undefined index: _a<br> File: /data/codes/queryphp/vendor/hunzhiwange/framework/src/Queryyetsimple/Router/Router.php<br> Line: 335 []
[2018-04-15 21:58][8]: Undefined index: _app<br> File: /data/codes/queryphp/vendor/hunzhiwange/framework/src/Queryyetsimple/Router/Router.php<br> Line: 295 []
[2018-04-15 21:58][8]: Undefined index: _c<br> File: /data/codes/queryphp/vendor/hunzhiwange/framework/src/Queryyetsimple/Router/Router.php<br> Line: 315 []
[2018-04-15 21:58][8]: Undefined index: _a<br> File: /data/codes/queryphp/vendor/hunzhiwange/framework/src/Queryyetsimple/Router/Router.php<br> Line: 335 []
[2018-04-15 21:58][8]: Undefined index: _app<br> File: /data/codes/queryphp/vendor/hunzhiwange/framework/src/Queryyetsimple/Router/Router.php<br> Line: 295 []
[2018-04-15 21:58][8]: Undefined index: _c<br> File: /data/codes/queryphp/vendor/hunzhiwange/framework/src/Queryyetsimple/Router/Router.php<br> Line: 315 []
[2018-04-15 21:58][8]: Undefined index: _a<br> File: /data/codes/queryphp/vendor/hunzhiwange/framework/src/Queryyetsimple/Router/Router.php<br> Line: 335 []
[2018-04-15 21:58][8]: Undefined index: _app<br> File: /data/codes/queryphp/vendor/hunzhiwange/framework/src/Queryyetsimple/Router/Router.php<br> Line: 295 []
[2018-04-15 21:58][8]: Undefined index: _c<br> File: /data/codes/queryphp/vendor/hunzhiwange/framework/src/Queryyetsimple/Router/Router.php<br> Line: 315 []
[2018-04-15 21:58][8]: Undefined index: _a<br> File: /data/codes/queryphp/vendor/hunzhiwange/framework/src/Queryyetsimple/Router/Router.php<br> Line: 335 []
[2018-04-15 21:58][8]: Undefined index: _app<br> File: /data/codes/queryphp/vendor/hunzhiwange/framework/src/Queryyetsimple/Router/Router.php<br> Line: 295 []
[2018-04-15 21:58][8]: Undefined index: _app<br> File: /data/codes/queryphp/vendor/hunzhiwange/framework/src/Queryyetsimple/Router/Router.php<br> Line: 295 []
[2018-04-15 21:58][8]: Undefined index: _c<br> File: /data/codes/queryphp/vendor/hunzhiwange/framework/src/Queryyetsimple/Router/Router.php<br> Line: 315 []
[2018-04-15 21:58][8]: Undefined index: _a<br> File: /data/codes/queryphp/vendor/hunzhiwange/framework/src/Queryyetsimple/Router/Router.php<br> Line: 335 []
[2018-04-15 21:58][8]: Undefined index: _c<br> File: /data/codes/queryphp/vendor/hunzhiwange/framework/src/Queryyetsimple/Router/Router.php<br> Line: 315 []
[2018-04-15 21:58][8]: Undefined index: _a<br> File: /data/codes/queryphp/vendor/hunzhiwange/framework/src/Queryyetsimple/Router/Router.php<br> Line: 335 []
[2018-04-15 21:58][8]: Undefined index: _app<br> File: /data/codes/queryphp/vendor/hunzhiwange/framework/src/Queryyetsimple/Router/Router.php<br> Line: 295 []
[2018-04-15 21:58][8]: Undefined index: _app<br> File: /data/codes/queryphp/vendor/hunzhiwange/framework/src/Queryyetsimple/Router/Router.php<br> Line: 295 []
[2018-04-15 21:58][8]: Undefined index: _c<br> File: /data/codes/queryphp/vendor/hunzhiwange/framework/src/Queryyetsimple/Router/Router.php<br> Line: 315 []
[2018-04-15 21:58][8]: Undefined index: _a<br> File: /data/codes/queryphp/vendor/hunzhiwange/framework/src/Queryyetsimple/Router/Router.php<br> Line: 335 []
[2018-04-15 21:58][8]: Undefined index: _a<br> File: /data/codes/queryphp/vendor/hunzhiwange/framework/src/Queryyetsimple/Router/Router.php<br> Line: 335 []
[2018-04-15 21:58][8]: Undefined index: _app<br> File: /data/codes/queryphp/vendor/hunzhiwange/framework/src/Queryyetsimple/Router/Router.php<br> Line: 295 []
[2018-04-15 21:58][0] The node \App\Controller\->() is not registered. Router.php line 1361 []
[2018-04-15 21:59][8]: Undefined index: _c<br> File: /data/codes/queryphp/vendor/hunzhiwange/framework/src/Queryyetsimple/Router/Router.php<br> Line: 315 []
[2018-04-15 21:59][8]: Undefined index: _a<br> File: /data/codes/queryphp/vendor/hunzhiwange/framework/src/Queryyetsimple/Router/Router.php<br> Line: 335 []
[2018-04-15 21:59][8]: Undefined index: _c<br> File: /data/codes/queryphp/vendor/hunzhiwange/framework/src/Queryyetsimple/Router/Router.php<br> Line: 315 []
[2018-04-15 21:59][8]: Undefined index: _a<br> File: /data/codes/queryphp/vendor/hunzhiwange/framework/src/Queryyetsimple/Router/Router.php<br> Line: 335 []
[2018-04-15 21:59][8]: Undefined index: _c<br> File: /data/codes/queryphp/vendor/hunzhiwange/framework/src/Queryyetsimple/Router/Router.php<br> Line: 315 []
[2018-04-15 21:59][8]: Undefined index: _a<br> File: /data/codes/queryphp/vendor/hunzhiwange/framework/src/Queryyetsimple/Router/Router.php<br> Line: 335 []
[2018-04-15 21:59][8]: Undefined index: _c<br> File: /data/codes/queryphp/vendor/hunzhiwange/framework/src/Queryyetsimple/Router/Router.php<br> Line: 315 []
[2018-04-15 21:59][8]: Undefined index: _a<br> File: /data/codes/queryphp/vendor/hunzhiwange/framework/src/Queryyetsimple/Router/Router.php<br> Line: 335 []
[2018-04-15 21:59][8]: Undefined index: _c<br> File: /data/codes/queryphp/vendor/hunzhiwange/framework/src/Queryyetsimple/Router/Router.php<br> Line: 315 []
[2018-04-15 21:59][8]: Undefined index: _a<br> File: /data/codes/queryphp/vendor/hunzhiwange/framework/src/Queryyetsimple/Router/Router.php<br> Line: 335 []
[2018-04-15 21:59][8]: Undefined index: _c<br> File: /data/codes/queryphp/vendor/hunzhiwange/framework/src/Queryyetsimple/Router/Router.php<br> Line: 315 []
[2018-04-15 21:59][8]: Undefined index: _a<br> File: /data/codes/queryphp/vendor/hunzhiwange/framework/src/Queryyetsimple/Router/Router.php<br> Line: 335 []
[2018-04-15 21:59][8]: Undefined index: _c<br> File: /data/codes/queryphp/vendor/hunzhiwange/framework/src/Queryyetsimple/Router/Router.php<br> Line: 315 []
[2018-04-15 21:59][8]: Undefined index: _a<br> File: /data/codes/queryphp/vendor/hunzhiwange/framework/src/Queryyetsimple/Router/Router.php<br> Line: 335 []
[2018-04-15 21:59][8]: Undefined index: _a<br> File: /data/codes/queryphp/vendor/hunzhiwange/framework/src/Queryyetsimple/Router/Router.php<br> Line: 335 []
[2018-04-15 21:59][0] The node App\App\Controller\->() is not registered. Router.php line 1361 []
[2018-04-15 21:59][8]: Undefined index: _c<br> File: /data/codes/queryphp/vendor/hunzhiwange/framework/src/Queryyetsimple/Router/Router.php<br> Line: 315 []
[2018-04-15 21:59][8]: Undefined index: _a<br> File: /data/codes/queryphp/vendor/hunzhiwange/framework/src/Queryyetsimple/Router/Router.php<br> Line: 335 []
[2018-04-15 21:59][8]: Undefined index: _c<br> File: /data/codes/queryphp/vendor/hunzhiwange/framework/src/Queryyetsimple/Router/Router.php<br> Line: 315 []
[2018-04-15 21:59][8]: Undefined index: _a<br> File: /data/codes/queryphp/vendor/hunzhiwange/framework/src/Queryyetsimple/Router/Router.php<br> Line: 335 []
[2018-04-15 21:59][8]: Undefined index: _c<br> File: /data/codes/queryphp/vendor/hunzhiwange/framework/src/Queryyetsimple/Router/Router.php<br> Line: 315 []
[2018-04-15 21:59][8]: Undefined index: _a<br> File: /data/codes/queryphp/vendor/hunzhiwange/framework/src/Queryyetsimple/Router/Router.php<br> Line: 335 []
[2018-04-15 21:59][8]: Undefined index: _c<br> File: /data/codes/queryphp/vendor/hunzhiwange/framework/src/Queryyetsimple/Router/Router.php<br> Line: 315 []
[2018-04-15 21:59][8]: Undefined index: _a<br> File: /data/codes/queryphp/vendor/hunzhiwange/framework/src/Queryyetsimple/Router/Router.php<br> Line: 335 []
[2018-04-15 21:59][8]: Undefined index: _c<br> File: /data/codes/queryphp/vendor/hunzhiwange/framework/src/Queryyetsimple/Router/Router.php<br> Line: 315 []
[2018-04-15 21:59][8]: Undefined index: _a<br> File: /data/codes/queryphp/vendor/hunzhiwange/framework/src/Queryyetsimple/Router/Router.php<br> Line: 335 []
[2018-04-15 21:59][8]: Undefined index: _c<br> File: /data/codes/queryphp/vendor/hunzhiwange/framework/src/Queryyetsimple/Router/Router.php<br> Line: 315 []
[2018-04-15 21:59][8]: Undefined index: _a<br> File: /data/codes/queryphp/vendor/hunzhiwange/framework/src/Queryyetsimple/Router/Router.php<br> Line: 335 []
[2018-04-15 21:59][8]: Undefined index: _c<br> File: /data/codes/queryphp/vendor/hunzhiwange/framework/src/Queryyetsimple/Router/Router.php<br> Line: 315 []
[2018-04-15 21:59][8]: Undefined index: _a<br> File: /data/codes/queryphp/vendor/hunzhiwange/framework/src/Queryyetsimple/Router/Router.php<br> Line: 335 []
[2018-04-15 21:59][8]: Undefined index: _a<br> File: /data/codes/queryphp/vendor/hunzhiwange/framework/src/Queryyetsimple/Router/Router.php<br> Line: 335 []
[2018-04-15 21:59][0] The node App\App\Controller\->() is not registered. Router.php line 1361 []
