[2018-04-09 13:37][8]: Undefined index: _app<br> File: /data/codes/queryphp/vendor/hunzhiwange/framework/src/Queryyetsimple/Router/Router.php<br> Line: 283 []
[2018-04-09 13:37][8]: Undefined index: _c<br> File: /data/codes/queryphp/vendor/hunzhiwange/framework/src/Queryyetsimple/Router/Router.php<br> Line: 303 []
[2018-04-09 13:37][8]: Undefined index: _a<br> File: /data/codes/queryphp/vendor/hunzhiwange/framework/src/Queryyetsimple/Router/Router.php<br> Line: 323 []
[2018-04-09 13:37][8]: Undefined index: _app<br> File: /data/codes/queryphp/vendor/hunzhiwange/framework/src/Queryyetsimple/Router/Router.php<br> Line: 283 []
[2018-04-09 13:37][8]: Undefined index: _c<br> File: /data/codes/queryphp/vendor/hunzhiwange/framework/src/Queryyetsimple/Router/Router.php<br> Line: 303 []
[2018-04-09 13:37][8]: Undefined index: _a<br> File: /data/codes/queryphp/vendor/hunzhiwange/framework/src/Queryyetsimple/Router/Router.php<br> Line: 323 []
[2018-04-09 13:37][8]: Undefined index: _app<br> File: /data/codes/queryphp/vendor/hunzhiwange/framework/src/Queryyetsimple/Router/Router.php<br> Line: 283 []
[2018-04-09 13:37][8]: Undefined index: _c<br> File: /data/codes/queryphp/vendor/hunzhiwange/framework/src/Queryyetsimple/Router/Router.php<br> Line: 303 []
[2018-04-09 13:37][8]: Undefined index: _a<br> File: /data/codes/queryphp/vendor/hunzhiwange/framework/src/Queryyetsimple/Router/Router.php<br> Line: 323 []
[2018-04-09 13:37][8]: Undefined index: _app<br> File: /data/codes/queryphp/vendor/hunzhiwange/framework/src/Queryyetsimple/Router/Router.php<br> Line: 283 []
[2018-04-09 13:37][8]: Undefined index: _c<br> File: /data/codes/queryphp/vendor/hunzhiwange/framework/src/Queryyetsimple/Router/Router.php<br> Line: 303 []
[2018-04-09 13:37][8]: Undefined index: _a<br> File: /data/codes/queryphp/vendor/hunzhiwange/framework/src/Queryyetsimple/Router/Router.php<br> Line: 323 []
[2018-04-09 13:37][8]: Undefined index: _app<br> File: /data/codes/queryphp/vendor/hunzhiwange/framework/src/Queryyetsimple/Router/Router.php<br> Line: 283 []
[2018-04-09 13:37][8]: Undefined index: _app<br> File: /data/codes/queryphp/vendor/hunzhiwange/framework/src/Queryyetsimple/Router/Router.php<br> Line: 283 []
[2018-04-09 13:37][8]: Undefined index: _c<br> File: /data/codes/queryphp/vendor/hunzhiwange/framework/src/Queryyetsimple/Router/Router.php<br> Line: 303 []
[2018-04-09 13:37][8]: Undefined index: _a<br> File: /data/codes/queryphp/vendor/hunzhiwange/framework/src/Queryyetsimple/Router/Router.php<br> Line: 323 []
[2018-04-09 13:37][8]: Undefined index: _app<br> File: /data/codes/queryphp/vendor/hunzhiwange/framework/src/Queryyetsimple/Router/Router.php<br> Line: 283 []
[2018-04-09 13:37][8]: Undefined index: _c<br> File: /data/codes/queryphp/vendor/hunzhiwange/framework/src/Queryyetsimple/Router/Router.php<br> Line: 303 []
[2018-04-09 13:37][8]: Undefined index: _a<br> File: /data/codes/queryphp/vendor/hunzhiwange/framework/src/Queryyetsimple/Router/Router.php<br> Line: 323 []
[2018-04-09 13:37][8]: Undefined index: _c<br> File: /data/codes/queryphp/vendor/hunzhiwange/framework/src/Queryyetsimple/Router/Router.php<br> Line: 303 []
[2018-04-09 13:37][8]: Undefined index: _a<br> File: /data/codes/queryphp/vendor/hunzhiwange/framework/src/Queryyetsimple/Router/Router.php<br> Line: 323 []
[2018-04-09 13:37][8]: Undefined index: _app<br> File: /data/codes/queryphp/vendor/hunzhiwange/framework/src/Queryyetsimple/Router/Router.php<br> Line: 283 []
[2018-04-09 13:37][8]: Undefined index: _app<br> File: /data/codes/queryphp/vendor/hunzhiwange/framework/src/Queryyetsimple/Router/Router.php<br> Line: 283 []
[2018-04-09 13:37][8]: Undefined index: _c<br> File: /data/codes/queryphp/vendor/hunzhiwange/framework/src/Queryyetsimple/Router/Router.php<br> Line: 303 []
[2018-04-09 13:37][8]: Undefined index: _a<br> File: /data/codes/queryphp/vendor/hunzhiwange/framework/src/Queryyetsimple/Router/Router.php<br> Line: 323 []
[2018-04-09 13:37][8]: Undefined index: _a<br> File: /data/codes/queryphp/vendor/hunzhiwange/framework/src/Queryyetsimple/Router/Router.php<br> Line: 323 []
[2018-04-09 13:37][8]: Undefined index: _app<br> File: /data/codes/queryphp/vendor/hunzhiwange/framework/src/Queryyetsimple/Router/Router.php<br> Line: 283 []
[2018-04-09 13:37][0] The node \App\Controller\->() is not registered. Router.php line 1357 []
[2018-04-09 13:45][1024]: Unexpected field "__domain" for @SWG\Get(), expecting "method", "path", "tags", "summary", "description", "externalDocs", "operationId", "consumes", "produces", "parameters", "responses", "schemes", "deprecated", "security", "x" in \App\App\Controller\Petstore\Pet->findByStatus() in /data/codes/queryphp/application/App/App/Controller/Petstore/Pet.php on line 49<br> File: /data/codes/queryphp/vendor/zircote/swagger-php/src/Logger.php<br> Line: 38 []
[2018-04-09 13:45][1024]: Unexpected field "__prefix" for @SWG\Get(), expecting "method", "path", "tags", "summary", "description", "externalDocs", "operationId", "consumes", "produces", "parameters", "responses", "schemes", "deprecated", "security", "x", "__domain" in \App\App\Controller\Petstore\Pet->findByStatus() in /data/codes/queryphp/application/App/App/Controller/Petstore/Pet.php on line 49<br> File: /data/codes/queryphp/vendor/zircote/swagger-php/src/Logger.php<br> Line: 38 []
[2018-04-09 13:45][1024]: Unexpected field "__params" for @SWG\Get(), expecting "method", "path", "tags", "summary", "description", "externalDocs", "operationId", "consumes", "produces", "parameters", "responses", "schemes", "deprecated", "security", "x", "__domain", "__prefix" in \App\App\Controller\Petstore\Pet->findByStatus() in /data/codes/queryphp/application/App/App/Controller/Petstore/Pet.php on line 49<br> File: /data/codes/queryphp/vendor/zircote/swagger-php/src/Logger.php<br> Line: 38 []
[2018-04-09 13:45][1024]: Unexpected field "__where" for @SWG\Get(), expecting "method", "path", "tags", "summary", "description", "externalDocs", "operationId", "consumes", "produces", "parameters", "responses", "schemes", "deprecated", "security", "x", "__domain", "__prefix", "__params" in \App\App\Controller\Petstore\Pet->findByStatus() in /data/codes/queryphp/application/App/App/Controller/Petstore/Pet.php on line 49<br> File: /data/codes/queryphp/vendor/zircote/swagger-php/src/Logger.php<br> Line: 38 []
[2018-04-09 13:45][1024]: Unexpected field "__strict" for @SWG\Get(), expecting "method", "path", "tags", "summary", "description", "externalDocs", "operationId", "consumes", "produces", "parameters", "responses", "schemes", "deprecated", "security", "x", "__domain", "__prefix", "__params", "__where" in \App\App\Controller\Petstore\Pet->findByStatus() in /data/codes/queryphp/application/App/App/Controller/Petstore/Pet.php on line 49<br> File: /data/codes/queryphp/vendor/zircote/swagger-php/src/Logger.php<br> Line: 38 []
[2018-04-09 13:45][1024]: Unexpected field "__bind" for @SWG\Get(), expecting "method", "path", "tags", "summary", "description", "externalDocs", "operationId", "consumes", "produces", "parameters", "responses", "schemes", "deprecated", "security", "x", "__domain", "__prefix", "__params", "__where", "__strict" in \App\App\Controller\Petstore\Pet->findByStatus() in /data/codes/queryphp/application/App/App/Controller/Petstore/Pet.php on line 49<br> File: /data/codes/queryphp/vendor/zircote/swagger-php/src/Logger.php<br> Line: 38 []
[2018-04-09 13:45][8]: Undefined index: __domain<br> File: /data/codes/queryphp/vendor/zircote/swagger-php/src/Annotations/AbstractAnnotation.php<br> Line: 249 []
[2018-04-09 13:45][8]: Undefined index: __prefix<br> File: /data/codes/queryphp/vendor/zircote/swagger-php/src/Annotations/AbstractAnnotation.php<br> Line: 249 []
[2018-04-09 13:45][8]: Undefined index: __params<br> File: /data/codes/queryphp/vendor/zircote/swagger-php/src/Annotations/AbstractAnnotation.php<br> Line: 249 []
[2018-04-09 13:45][8]: Undefined index: __where<br> File: /data/codes/queryphp/vendor/zircote/swagger-php/src/Annotations/AbstractAnnotation.php<br> Line: 249 []
[2018-04-09 13:45][8]: Undefined index: __strict<br> File: /data/codes/queryphp/vendor/zircote/swagger-php/src/Annotations/AbstractAnnotation.php<br> Line: 249 []
[2018-04-09 13:45][8]: Undefined index: __bind<br> File: /data/codes/queryphp/vendor/zircote/swagger-php/src/Annotations/AbstractAnnotation.php<br> Line: 249 []
[2018-04-09 13:45][1024]: Unexpected field "__domain" for @SWG\Get(), expecting "method", "path", "tags", "summary", "description", "externalDocs", "operationId", "consumes", "produces", "parameters", "responses", "schemes", "deprecated", "security", "x" in \App\App\Controller\Petstore\Pet->findByStatus() in /data/codes/queryphp/application/App/App/Controller/Petstore/Pet.php on line 49<br> File: /data/codes/queryphp/vendor/zircote/swagger-php/src/Logger.php<br> Line: 38 []
[2018-04-09 13:45][1024]: Unexpected field "__prefix" for @SWG\Get(), expecting "method", "path", "tags", "summary", "description", "externalDocs", "operationId", "consumes", "produces", "parameters", "responses", "schemes", "deprecated", "security", "x", "__domain" in \App\App\Controller\Petstore\Pet->findByStatus() in /data/codes/queryphp/application/App/App/Controller/Petstore/Pet.php on line 49<br> File: /data/codes/queryphp/vendor/zircote/swagger-php/src/Logger.php<br> Line: 38 []
[2018-04-09 13:45][1024]: Unexpected field "__params" for @SWG\Get(), expecting "method", "path", "tags", "summary", "description", "externalDocs", "operationId", "consumes", "produces", "parameters", "responses", "schemes", "deprecated", "security", "x", "__domain", "__prefix" in \App\App\Controller\Petstore\Pet->findByStatus() in /data/codes/queryphp/application/App/App/Controller/Petstore/Pet.php on line 49<br> File: /data/codes/queryphp/vendor/zircote/swagger-php/src/Logger.php<br> Line: 38 []
[2018-04-09 13:45][1024]: Unexpected field "__where" for @SWG\Get(), expecting "method", "path", "tags", "summary", "description", "externalDocs", "operationId", "consumes", "produces", "parameters", "responses", "schemes", "deprecated", "security", "x", "__domain", "__prefix", "__params" in \App\App\Controller\Petstore\Pet->findByStatus() in /data/codes/queryphp/application/App/App/Controller/Petstore/Pet.php on line 49<br> File: /data/codes/queryphp/vendor/zircote/swagger-php/src/Logger.php<br> Line: 38 []
[2018-04-09 13:45][1024]: Unexpected field "__strict" for @SWG\Get(), expecting "method", "path", "tags", "summary", "description", "externalDocs", "operationId", "consumes", "produces", "parameters", "responses", "schemes", "deprecated", "security", "x", "__domain", "__prefix", "__params", "__where" in \App\App\Controller\Petstore\Pet->findByStatus() in /data/codes/queryphp/application/App/App/Controller/Petstore/Pet.php on line 49<br> File: /data/codes/queryphp/vendor/zircote/swagger-php/src/Logger.php<br> Line: 38 []
[2018-04-09 13:45][1024]: Unexpected field "__bind" for @SWG\Get(), expecting "method", "path", "tags", "summary", "description", "externalDocs", "operationId", "consumes", "produces", "parameters", "responses", "schemes", "deprecated", "security", "x", "__domain", "__prefix", "__params", "__where", "__strict" in \App\App\Controller\Petstore\Pet->findByStatus() in /data/codes/queryphp/application/App/App/Controller/Petstore/Pet.php on line 49<br> File: /data/codes/queryphp/vendor/zircote/swagger-php/src/Logger.php<br> Line: 38 []
[2018-04-09 13:45][8]: Undefined index: __domain<br> File: /data/codes/queryphp/vendor/zircote/swagger-php/src/Annotations/AbstractAnnotation.php<br> Line: 249 []
[2018-04-09 13:45][8]: Undefined index: __prefix<br> File: /data/codes/queryphp/vendor/zircote/swagger-php/src/Annotations/AbstractAnnotation.php<br> Line: 249 []
[2018-04-09 13:45][8]: Undefined index: __params<br> File: /data/codes/queryphp/vendor/zircote/swagger-php/src/Annotations/AbstractAnnotation.php<br> Line: 249 []
[2018-04-09 13:45][8]: Undefined index: __where<br> File: /data/codes/queryphp/vendor/zircote/swagger-php/src/Annotations/AbstractAnnotation.php<br> Line: 249 []
[2018-04-09 13:45][8]: Undefined index: __strict<br> File: /data/codes/queryphp/vendor/zircote/swagger-php/src/Annotations/AbstractAnnotation.php<br> Line: 249 []
[2018-04-09 13:45][8]: Undefined index: __bind<br> File: /data/codes/queryphp/vendor/zircote/swagger-php/src/Annotations/AbstractAnnotation.php<br> Line: 249 []
