[2018-04-15 22:00][8]: Undefined index: _c<br> File: /data/codes/queryphp/vendor/hunzhiwange/framework/src/Queryyetsimple/Router/Router.php<br> Line: 317 []
[2018-04-15 22:00][8]: Undefined index: _a<br> File: /data/codes/queryphp/vendor/hunzhiwange/framework/src/Queryyetsimple/Router/Router.php<br> Line: 337 []
[2018-04-15 22:00][8]: Undefined index: _c<br> File: /data/codes/queryphp/vendor/hunzhiwange/framework/src/Queryyetsimple/Router/Router.php<br> Line: 317 []
[2018-04-15 22:00][8]: Undefined index: _a<br> File: /data/codes/queryphp/vendor/hunzhiwange/framework/src/Queryyetsimple/Router/Router.php<br> Line: 337 []
[2018-04-15 22:00][8]: Undefined index: _c<br> File: /data/codes/queryphp/vendor/hunzhiwange/framework/src/Queryyetsimple/Router/Router.php<br> Line: 317 []
[2018-04-15 22:00][8]: Undefined index: _a<br> File: /data/codes/queryphp/vendor/hunzhiwange/framework/src/Queryyetsimple/Router/Router.php<br> Line: 337 []
[2018-04-15 22:00][8]: Undefined index: _c<br> File: /data/codes/queryphp/vendor/hunzhiwange/framework/src/Queryyetsimple/Router/Router.php<br> Line: 317 []
[2018-04-15 22:00][8]: Undefined index: _a<br> File: /data/codes/queryphp/vendor/hunzhiwange/framework/src/Queryyetsimple/Router/Router.php<br> Line: 337 []
[2018-04-15 22:00][8]: Undefined index: _c<br> File: /data/codes/queryphp/vendor/hunzhiwange/framework/src/Queryyetsimple/Router/Router.php<br> Line: 317 []
[2018-04-15 22:00][8]: Undefined index: _a<br> File: /data/codes/queryphp/vendor/hunzhiwange/framework/src/Queryyetsimple/Router/Router.php<br> Line: 337 []
[2018-04-15 22:00][8]: Undefined index: _c<br> File: /data/codes/queryphp/vendor/hunzhiwange/framework/src/Queryyetsimple/Router/Router.php<br> Line: 317 []
[2018-04-15 22:00][8]: Undefined index: _a<br> File: /data/codes/queryphp/vendor/hunzhiwange/framework/src/Queryyetsimple/Router/Router.php<br> Line: 337 []
[2018-04-15 22:00][8]: Undefined index: _c<br> File: /data/codes/queryphp/vendor/hunzhiwange/framework/src/Queryyetsimple/Router/Router.php<br> Line: 317 []
[2018-04-15 22:00][8]: Undefined index: _a<br> File: /data/codes/queryphp/vendor/hunzhiwange/framework/src/Queryyetsimple/Router/Router.php<br> Line: 337 []
[2018-04-15 22:00][8]: Undefined index: _a<br> File: /data/codes/queryphp/vendor/hunzhiwange/framework/src/Queryyetsimple/Router/Router.php<br> Line: 337 []
[2018-04-15 22:00][0] The node App\App\Controller\->() is not registered. Router.php line 1363 []
[2018-04-15 22:01][8]: Undefined index: _c<br> File: /data/codes/queryphp/vendor/hunzhiwange/framework/src/Queryyetsimple/Router/Router.php<br> Line: 317 []
[2018-04-15 22:01][8]: Undefined index: _a<br> File: /data/codes/queryphp/vendor/hunzhiwange/framework/src/Queryyetsimple/Router/Router.php<br> Line: 337 []
[2018-04-15 22:01][8]: Undefined index: _c<br> File: /data/codes/queryphp/vendor/hunzhiwange/framework/src/Queryyetsimple/Router/Router.php<br> Line: 317 []
[2018-04-15 22:01][8]: Undefined index: _a<br> File: /data/codes/queryphp/vendor/hunzhiwange/framework/src/Queryyetsimple/Router/Router.php<br> Line: 337 []
[2018-04-15 22:01][8]: Undefined index: _c<br> File: /data/codes/queryphp/vendor/hunzhiwange/framework/src/Queryyetsimple/Router/Router.php<br> Line: 317 []
[2018-04-15 22:01][8]: Undefined index: _a<br> File: /data/codes/queryphp/vendor/hunzhiwange/framework/src/Queryyetsimple/Router/Router.php<br> Line: 337 []
[2018-04-15 22:01][8]: Undefined index: _c<br> File: /data/codes/queryphp/vendor/hunzhiwange/framework/src/Queryyetsimple/Router/Router.php<br> Line: 317 []
[2018-04-15 22:01][8]: Undefined index: _a<br> File: /data/codes/queryphp/vendor/hunzhiwange/framework/src/Queryyetsimple/Router/Router.php<br> Line: 337 []
[2018-04-15 22:01][8]: Undefined index: _c<br> File: /data/codes/queryphp/vendor/hunzhiwange/framework/src/Queryyetsimple/Router/Router.php<br> Line: 317 []
[2018-04-15 22:01][8]: Undefined index: _a<br> File: /data/codes/queryphp/vendor/hunzhiwange/framework/src/Queryyetsimple/Router/Router.php<br> Line: 337 []
[2018-04-15 22:01][8]: Undefined index: _c<br> File: /data/codes/queryphp/vendor/hunzhiwange/framework/src/Queryyetsimple/Router/Router.php<br> Line: 317 []
[2018-04-15 22:01][8]: Undefined index: _a<br> File: /data/codes/queryphp/vendor/hunzhiwange/framework/src/Queryyetsimple/Router/Router.php<br> Line: 337 []
[2018-04-15 22:01][8]: Undefined index: _c<br> File: /data/codes/queryphp/vendor/hunzhiwange/framework/src/Queryyetsimple/Router/Router.php<br> Line: 317 []
[2018-04-15 22:01][8]: Undefined index: _a<br> File: /data/codes/queryphp/vendor/hunzhiwange/framework/src/Queryyetsimple/Router/Router.php<br> Line: 337 []
[2018-04-15 22:01][8]: Undefined index: _a<br> File: /data/codes/queryphp/vendor/hunzhiwange/framework/src/Queryyetsimple/Router/Router.php<br> Line: 337 []
[2018-04-15 22:01][0] The node App\App\Controller\->() is not registered. Router.php line 1363 []
[2018-04-15 22:02][8]: Undefined index: _app<br> File: /data/codes/queryphp/vendor/hunzhiwange/framework/src/Queryyetsimple/Router/Router.php<br> Line: 301 []
[2018-04-15 22:02][8]: Undefined index: _c<br> File: /data/codes/queryphp/vendor/hunzhiwange/framework/src/Queryyetsimple/Router/Router.php<br> Line: 321 []
[2018-04-15 22:02][8]: Undefined index: _a<br> File: /data/codes/queryphp/vendor/hunzhiwange/framework/src/Queryyetsimple/Router/Router.php<br> Line: 341 []
[2018-04-15 22:02][8]: Undefined index: _app<br> File: /data/codes/queryphp/vendor/hunzhiwange/framework/src/Queryyetsimple/Router/Router.php<br> Line: 301 []
[2018-04-15 22:02][8]: Undefined index: _c<br> File: /data/codes/queryphp/vendor/hunzhiwange/framework/src/Queryyetsimple/Router/Router.php<br> Line: 321 []
[2018-04-15 22:02][8]: Undefined index: _a<br> File: /data/codes/queryphp/vendor/hunzhiwange/framework/src/Queryyetsimple/Router/Router.php<br> Line: 341 []
[2018-04-15 22:02][8]: Undefined index: _app<br> File: /data/codes/queryphp/vendor/hunzhiwange/framework/src/Queryyetsimple/Router/Router.php<br> Line: 301 []
[2018-04-15 22:02][8]: Undefined index: _c<br> File: /data/codes/queryphp/vendor/hunzhiwange/framework/src/Queryyetsimple/Router/Router.php<br> Line: 321 []
[2018-04-15 22:02][8]: Undefined index: _a<br> File: /data/codes/queryphp/vendor/hunzhiwange/framework/src/Queryyetsimple/Router/Router.php<br> Line: 341 []
[2018-04-15 22:02][8]: Undefined index: _app<br> File: /data/codes/queryphp/vendor/hunzhiwange/framework/src/Queryyetsimple/Router/Router.php<br> Line: 301 []
[2018-04-15 22:02][8]: Undefined index: _c<br> File: /data/codes/queryphp/vendor/hunzhiwange/framework/src/Queryyetsimple/Router/Router.php<br> Line: 321 []
[2018-04-15 22:02][8]: Undefined index: _a<br> File: /data/codes/queryphp/vendor/hunzhiwange/framework/src/Queryyetsimple/Router/Router.php<br> Line: 341 []
[2018-04-15 22:02][8]: Undefined index: _app<br> File: /data/codes/queryphp/vendor/hunzhiwange/framework/src/Queryyetsimple/Router/Router.php<br> Line: 301 []
[2018-04-15 22:02][8]: Undefined index: _app<br> File: /data/codes/queryphp/vendor/hunzhiwange/framework/src/Queryyetsimple/Router/Router.php<br> Line: 301 []
[2018-04-15 22:02][8]: Undefined index: _c<br> File: /data/codes/queryphp/vendor/hunzhiwange/framework/src/Queryyetsimple/Router/Router.php<br> Line: 321 []
[2018-04-15 22:02][8]: Undefined index: _a<br> File: /data/codes/queryphp/vendor/hunzhiwange/framework/src/Queryyetsimple/Router/Router.php<br> Line: 341 []
[2018-04-15 22:02][8]: Undefined index: _c<br> File: /data/codes/queryphp/vendor/hunzhiwange/framework/src/Queryyetsimple/Router/Router.php<br> Line: 321 []
[2018-04-15 22:02][8]: Undefined index: _a<br> File: /data/codes/queryphp/vendor/hunzhiwange/framework/src/Queryyetsimple/Router/Router.php<br> Line: 341 []
[2018-04-15 22:02][8]: Undefined index: _app<br> File: /data/codes/queryphp/vendor/hunzhiwange/framework/src/Queryyetsimple/Router/Router.php<br> Line: 301 []
[2018-04-15 22:02][8]: Undefined index: _app<br> File: /data/codes/queryphp/vendor/hunzhiwange/framework/src/Queryyetsimple/Router/Router.php<br> Line: 301 []
[2018-04-15 22:02][8]: Undefined index: _c<br> File: /data/codes/queryphp/vendor/hunzhiwange/framework/src/Queryyetsimple/Router/Router.php<br> Line: 321 []
[2018-04-15 22:02][8]: Undefined index: _a<br> File: /data/codes/queryphp/vendor/hunzhiwange/framework/src/Queryyetsimple/Router/Router.php<br> Line: 341 []
[2018-04-15 22:02][8]: Undefined index: _a<br> File: /data/codes/queryphp/vendor/hunzhiwange/framework/src/Queryyetsimple/Router/Router.php<br> Line: 341 []
[2018-04-15 22:02][8]: Undefined index: _app<br> File: /data/codes/queryphp/vendor/hunzhiwange/framework/src/Queryyetsimple/Router/Router.php<br> Line: 301 []
[2018-04-15 22:02][0] The node \App\Controller\->() is not registered. Router.php line 1367 []
[2018-04-15 22:02][8]: Undefined index: _app<br> File: /data/codes/queryphp/vendor/hunzhiwange/framework/src/Queryyetsimple/Router/Router.php<br> Line: 301 []
[2018-04-15 22:02][8]: Undefined index: _c<br> File: /data/codes/queryphp/vendor/hunzhiwange/framework/src/Queryyetsimple/Router/Router.php<br> Line: 321 []
[2018-04-15 22:02][8]: Undefined index: _a<br> File: /data/codes/queryphp/vendor/hunzhiwange/framework/src/Queryyetsimple/Router/Router.php<br> Line: 341 []
[2018-04-15 22:02][8]: Undefined index: _app<br> File: /data/codes/queryphp/vendor/hunzhiwange/framework/src/Queryyetsimple/Router/Router.php<br> Line: 301 []
[2018-04-15 22:02][8]: Undefined index: _c<br> File: /data/codes/queryphp/vendor/hunzhiwange/framework/src/Queryyetsimple/Router/Router.php<br> Line: 321 []
[2018-04-15 22:02][8]: Undefined index: _a<br> File: /data/codes/queryphp/vendor/hunzhiwange/framework/src/Queryyetsimple/Router/Router.php<br> Line: 341 []
[2018-04-15 22:02][8]: Undefined index: _app<br> File: /data/codes/queryphp/vendor/hunzhiwange/framework/src/Queryyetsimple/Router/Router.php<br> Line: 301 []
[2018-04-15 22:02][8]: Undefined index: _c<br> File: /data/codes/queryphp/vendor/hunzhiwange/framework/src/Queryyetsimple/Router/Router.php<br> Line: 321 []
[2018-04-15 22:02][8]: Undefined index: _a<br> File: /data/codes/queryphp/vendor/hunzhiwange/framework/src/Queryyetsimple/Router/Router.php<br> Line: 341 []
[2018-04-15 22:02][8]: Undefined index: _app<br> File: /data/codes/queryphp/vendor/hunzhiwange/framework/src/Queryyetsimple/Router/Router.php<br> Line: 301 []
[2018-04-15 22:02][8]: Undefined index: _c<br> File: /data/codes/queryphp/vendor/hunzhiwange/framework/src/Queryyetsimple/Router/Router.php<br> Line: 321 []
[2018-04-15 22:02][8]: Undefined index: _a<br> File: /data/codes/queryphp/vendor/hunzhiwange/framework/src/Queryyetsimple/Router/Router.php<br> Line: 341 []
[2018-04-15 22:02][8]: Undefined index: _app<br> File: /data/codes/queryphp/vendor/hunzhiwange/framework/src/Queryyetsimple/Router/Router.php<br> Line: 301 []
[2018-04-15 22:02][8]: Undefined index: _app<br> File: /data/codes/queryphp/vendor/hunzhiwange/framework/src/Queryyetsimple/Router/Router.php<br> Line: 301 []
[2018-04-15 22:02][8]: Undefined index: _c<br> File: /data/codes/queryphp/vendor/hunzhiwange/framework/src/Queryyetsimple/Router/Router.php<br> Line: 321 []
[2018-04-15 22:02][8]: Undefined index: _a<br> File: /data/codes/queryphp/vendor/hunzhiwange/framework/src/Queryyetsimple/Router/Router.php<br> Line: 341 []
[2018-04-15 22:02][8]: Undefined index: _c<br> File: /data/codes/queryphp/vendor/hunzhiwange/framework/src/Queryyetsimple/Router/Router.php<br> Line: 321 []
[2018-04-15 22:02][8]: Undefined index: _a<br> File: /data/codes/queryphp/vendor/hunzhiwange/framework/src/Queryyetsimple/Router/Router.php<br> Line: 341 []
[2018-04-15 22:02][8]: Undefined index: _app<br> File: /data/codes/queryphp/vendor/hunzhiwange/framework/src/Queryyetsimple/Router/Router.php<br> Line: 301 []
[2018-04-15 22:02][8]: Undefined index: _app<br> File: /data/codes/queryphp/vendor/hunzhiwange/framework/src/Queryyetsimple/Router/Router.php<br> Line: 301 []
[2018-04-15 22:02][8]: Undefined index: _c<br> File: /data/codes/queryphp/vendor/hunzhiwange/framework/src/Queryyetsimple/Router/Router.php<br> Line: 321 []
[2018-04-15 22:02][8]: Undefined index: _a<br> File: /data/codes/queryphp/vendor/hunzhiwange/framework/src/Queryyetsimple/Router/Router.php<br> Line: 341 []
[2018-04-15 22:02][8]: Undefined index: _a<br> File: /data/codes/queryphp/vendor/hunzhiwange/framework/src/Queryyetsimple/Router/Router.php<br> Line: 341 []
[2018-04-15 22:02][8]: Undefined index: _app<br> File: /data/codes/queryphp/vendor/hunzhiwange/framework/src/Queryyetsimple/Router/Router.php<br> Line: 301 []
[2018-04-15 22:02][0] The node \App\Controller\->() is not registered. Router.php line 1367 []
[2018-04-15 22:02][8]: Undefined index: _app<br> File: /data/codes/queryphp/vendor/hunzhiwange/framework/src/Queryyetsimple/Router/Router.php<br> Line: 301 []
[2018-04-15 22:02][8]: Undefined index: _c<br> File: /data/codes/queryphp/vendor/hunzhiwange/framework/src/Queryyetsimple/Router/Router.php<br> Line: 321 []
[2018-04-15 22:02][8]: Undefined index: _a<br> File: /data/codes/queryphp/vendor/hunzhiwange/framework/src/Queryyetsimple/Router/Router.php<br> Line: 341 []
[2018-04-15 22:02][8]: Undefined index: _app<br> File: /data/codes/queryphp/vendor/hunzhiwange/framework/src/Queryyetsimple/Router/Router.php<br> Line: 301 []
[2018-04-15 22:02][8]: Undefined index: _c<br> File: /data/codes/queryphp/vendor/hunzhiwange/framework/src/Queryyetsimple/Router/Router.php<br> Line: 321 []
[2018-04-15 22:02][8]: Undefined index: _a<br> File: /data/codes/queryphp/vendor/hunzhiwange/framework/src/Queryyetsimple/Router/Router.php<br> Line: 341 []
[2018-04-15 22:02][8]: Undefined index: _app<br> File: /data/codes/queryphp/vendor/hunzhiwange/framework/src/Queryyetsimple/Router/Router.php<br> Line: 301 []
[2018-04-15 22:02][8]: Undefined index: _c<br> File: /data/codes/queryphp/vendor/hunzhiwange/framework/src/Queryyetsimple/Router/Router.php<br> Line: 321 []
[2018-04-15 22:02][8]: Undefined index: _a<br> File: /data/codes/queryphp/vendor/hunzhiwange/framework/src/Queryyetsimple/Router/Router.php<br> Line: 341 []
[2018-04-15 22:02][8]: Undefined index: _app<br> File: /data/codes/queryphp/vendor/hunzhiwange/framework/src/Queryyetsimple/Router/Router.php<br> Line: 301 []
[2018-04-15 22:02][8]: Undefined index: _c<br> File: /data/codes/queryphp/vendor/hunzhiwange/framework/src/Queryyetsimple/Router/Router.php<br> Line: 321 []
[2018-04-15 22:02][8]: Undefined index: _a<br> File: /data/codes/queryphp/vendor/hunzhiwange/framework/src/Queryyetsimple/Router/Router.php<br> Line: 341 []
[2018-04-15 22:02][8]: Undefined index: _app<br> File: /data/codes/queryphp/vendor/hunzhiwange/framework/src/Queryyetsimple/Router/Router.php<br> Line: 301 []
[2018-04-15 22:02][8]: Undefined index: _app<br> File: /data/codes/queryphp/vendor/hunzhiwange/framework/src/Queryyetsimple/Router/Router.php<br> Line: 301 []
[2018-04-15 22:02][8]: Undefined index: _c<br> File: /data/codes/queryphp/vendor/hunzhiwange/framework/src/Queryyetsimple/Router/Router.php<br> Line: 321 []
[2018-04-15 22:02][8]: Undefined index: _a<br> File: /data/codes/queryphp/vendor/hunzhiwange/framework/src/Queryyetsimple/Router/Router.php<br> Line: 341 []
[2018-04-15 22:02][8]: Undefined index: _c<br> File: /data/codes/queryphp/vendor/hunzhiwange/framework/src/Queryyetsimple/Router/Router.php<br> Line: 321 []
[2018-04-15 22:02][8]: Undefined index: _a<br> File: /data/codes/queryphp/vendor/hunzhiwange/framework/src/Queryyetsimple/Router/Router.php<br> Line: 341 []
[2018-04-15 22:02][8]: Undefined index: _app<br> File: /data/codes/queryphp/vendor/hunzhiwange/framework/src/Queryyetsimple/Router/Router.php<br> Line: 301 []
[2018-04-15 22:02][8]: Undefined index: _app<br> File: /data/codes/queryphp/vendor/hunzhiwange/framework/src/Queryyetsimple/Router/Router.php<br> Line: 301 []
[2018-04-15 22:02][8]: Undefined index: _c<br> File: /data/codes/queryphp/vendor/hunzhiwange/framework/src/Queryyetsimple/Router/Router.php<br> Line: 321 []
[2018-04-15 22:02][8]: Undefined index: _a<br> File: /data/codes/queryphp/vendor/hunzhiwange/framework/src/Queryyetsimple/Router/Router.php<br> Line: 341 []
[2018-04-15 22:02][8]: Undefined index: _a<br> File: /data/codes/queryphp/vendor/hunzhiwange/framework/src/Queryyetsimple/Router/Router.php<br> Line: 341 []
[2018-04-15 22:02][8]: Undefined index: _app<br> File: /data/codes/queryphp/vendor/hunzhiwange/framework/src/Queryyetsimple/Router/Router.php<br> Line: 301 []
[2018-04-15 22:02][0] The node \App\Controller\->() is not registered. Router.php line 1367 []
[2018-04-15 22:02][8]: Undefined index: _app<br> File: /data/codes/queryphp/vendor/hunzhiwange/framework/src/Queryyetsimple/Router/Router.php<br> Line: 301 []
[2018-04-15 22:02][8]: Undefined index: _c<br> File: /data/codes/queryphp/vendor/hunzhiwange/framework/src/Queryyetsimple/Router/Router.php<br> Line: 321 []
[2018-04-15 22:02][8]: Undefined index: _a<br> File: /data/codes/queryphp/vendor/hunzhiwange/framework/src/Queryyetsimple/Router/Router.php<br> Line: 341 []
[2018-04-15 22:02][8]: Undefined index: _app<br> File: /data/codes/queryphp/vendor/hunzhiwange/framework/src/Queryyetsimple/Router/Router.php<br> Line: 301 []
[2018-04-15 22:02][8]: Undefined index: _c<br> File: /data/codes/queryphp/vendor/hunzhiwange/framework/src/Queryyetsimple/Router/Router.php<br> Line: 321 []
[2018-04-15 22:02][8]: Undefined index: _a<br> File: /data/codes/queryphp/vendor/hunzhiwange/framework/src/Queryyetsimple/Router/Router.php<br> Line: 341 []
[2018-04-15 22:02][8]: Undefined index: _app<br> File: /data/codes/queryphp/vendor/hunzhiwange/framework/src/Queryyetsimple/Router/Router.php<br> Line: 301 []
[2018-04-15 22:02][8]: Undefined index: _c<br> File: /data/codes/queryphp/vendor/hunzhiwange/framework/src/Queryyetsimple/Router/Router.php<br> Line: 321 []
[2018-04-15 22:02][8]: Undefined index: _a<br> File: /data/codes/queryphp/vendor/hunzhiwange/framework/src/Queryyetsimple/Router/Router.php<br> Line: 341 []
[2018-04-15 22:02][8]: Undefined index: _app<br> File: /data/codes/queryphp/vendor/hunzhiwange/framework/src/Queryyetsimple/Router/Router.php<br> Line: 301 []
[2018-04-15 22:02][8]: Undefined index: _c<br> File: /data/codes/queryphp/vendor/hunzhiwange/framework/src/Queryyetsimple/Router/Router.php<br> Line: 321 []
[2018-04-15 22:02][8]: Undefined index: _a<br> File: /data/codes/queryphp/vendor/hunzhiwange/framework/src/Queryyetsimple/Router/Router.php<br> Line: 341 []
[2018-04-15 22:02][8]: Undefined index: _app<br> File: /data/codes/queryphp/vendor/hunzhiwange/framework/src/Queryyetsimple/Router/Router.php<br> Line: 301 []
[2018-04-15 22:02][8]: Undefined index: _app<br> File: /data/codes/queryphp/vendor/hunzhiwange/framework/src/Queryyetsimple/Router/Router.php<br> Line: 301 []
[2018-04-15 22:02][8]: Undefined index: _c<br> File: /data/codes/queryphp/vendor/hunzhiwange/framework/src/Queryyetsimple/Router/Router.php<br> Line: 321 []
[2018-04-15 22:02][8]: Undefined index: _a<br> File: /data/codes/queryphp/vendor/hunzhiwange/framework/src/Queryyetsimple/Router/Router.php<br> Line: 341 []
[2018-04-15 22:02][8]: Undefined index: _c<br> File: /data/codes/queryphp/vendor/hunzhiwange/framework/src/Queryyetsimple/Router/Router.php<br> Line: 321 []
[2018-04-15 22:02][8]: Undefined index: _a<br> File: /data/codes/queryphp/vendor/hunzhiwange/framework/src/Queryyetsimple/Router/Router.php<br> Line: 341 []
[2018-04-15 22:02][8]: Undefined index: _app<br> File: /data/codes/queryphp/vendor/hunzhiwange/framework/src/Queryyetsimple/Router/Router.php<br> Line: 301 []
[2018-04-15 22:02][8]: Undefined index: _app<br> File: /data/codes/queryphp/vendor/hunzhiwange/framework/src/Queryyetsimple/Router/Router.php<br> Line: 301 []
[2018-04-15 22:02][8]: Undefined index: _c<br> File: /data/codes/queryphp/vendor/hunzhiwange/framework/src/Queryyetsimple/Router/Router.php<br> Line: 321 []
[2018-04-15 22:02][8]: Undefined index: _a<br> File: /data/codes/queryphp/vendor/hunzhiwange/framework/src/Queryyetsimple/Router/Router.php<br> Line: 341 []
[2018-04-15 22:02][8]: Undefined index: _a<br> File: /data/codes/queryphp/vendor/hunzhiwange/framework/src/Queryyetsimple/Router/Router.php<br> Line: 341 []
[2018-04-15 22:02][8]: Undefined index: _app<br> File: /data/codes/queryphp/vendor/hunzhiwange/framework/src/Queryyetsimple/Router/Router.php<br> Line: 301 []
[2018-04-15 22:02][0] The node \App\Controller\->() is not registered. Router.php line 1367 []
[2018-04-15 22:03][8]: Undefined index: _app<br> File: /data/codes/queryphp/vendor/hunzhiwange/framework/src/Queryyetsimple/Router/Router.php<br> Line: 302 []
[2018-04-15 22:03][8]: Undefined index: _c<br> File: /data/codes/queryphp/vendor/hunzhiwange/framework/src/Queryyetsimple/Router/Router.php<br> Line: 322 []
[2018-04-15 22:03][8]: Undefined index: _a<br> File: /data/codes/queryphp/vendor/hunzhiwange/framework/src/Queryyetsimple/Router/Router.php<br> Line: 342 []
[2018-04-15 22:03][8]: Undefined index: _app<br> File: /data/codes/queryphp/vendor/hunzhiwange/framework/src/Queryyetsimple/Router/Router.php<br> Line: 302 []
[2018-04-15 22:03][8]: Undefined index: _c<br> File: /data/codes/queryphp/vendor/hunzhiwange/framework/src/Queryyetsimple/Router/Router.php<br> Line: 322 []
[2018-04-15 22:03][8]: Undefined index: _a<br> File: /data/codes/queryphp/vendor/hunzhiwange/framework/src/Queryyetsimple/Router/Router.php<br> Line: 342 []
[2018-04-15 22:03][8]: Undefined index: _app<br> File: /data/codes/queryphp/vendor/hunzhiwange/framework/src/Queryyetsimple/Router/Router.php<br> Line: 302 []
[2018-04-15 22:03][8]: Undefined index: _c<br> File: /data/codes/queryphp/vendor/hunzhiwange/framework/src/Queryyetsimple/Router/Router.php<br> Line: 322 []
[2018-04-15 22:03][8]: Undefined index: _a<br> File: /data/codes/queryphp/vendor/hunzhiwange/framework/src/Queryyetsimple/Router/Router.php<br> Line: 342 []
[2018-04-15 22:03][8]: Undefined index: _app<br> File: /data/codes/queryphp/vendor/hunzhiwange/framework/src/Queryyetsimple/Router/Router.php<br> Line: 302 []
[2018-04-15 22:03][8]: Undefined index: _c<br> File: /data/codes/queryphp/vendor/hunzhiwange/framework/src/Queryyetsimple/Router/Router.php<br> Line: 322 []
[2018-04-15 22:03][8]: Undefined index: _a<br> File: /data/codes/queryphp/vendor/hunzhiwange/framework/src/Queryyetsimple/Router/Router.php<br> Line: 342 []
[2018-04-15 22:03][8]: Undefined index: _app<br> File: /data/codes/queryphp/vendor/hunzhiwange/framework/src/Queryyetsimple/Router/Router.php<br> Line: 302 []
[2018-04-15 22:03][8]: Undefined index: _app<br> File: /data/codes/queryphp/vendor/hunzhiwange/framework/src/Queryyetsimple/Router/Router.php<br> Line: 302 []
[2018-04-15 22:03][8]: Undefined index: _c<br> File: /data/codes/queryphp/vendor/hunzhiwange/framework/src/Queryyetsimple/Router/Router.php<br> Line: 322 []
[2018-04-15 22:03][8]: Undefined index: _a<br> File: /data/codes/queryphp/vendor/hunzhiwange/framework/src/Queryyetsimple/Router/Router.php<br> Line: 342 []
[2018-04-15 22:03][8]: Undefined index: _c<br> File: /data/codes/queryphp/vendor/hunzhiwange/framework/src/Queryyetsimple/Router/Router.php<br> Line: 322 []
[2018-04-15 22:03][8]: Undefined index: _a<br> File: /data/codes/queryphp/vendor/hunzhiwange/framework/src/Queryyetsimple/Router/Router.php<br> Line: 342 []
[2018-04-15 22:03][8]: Undefined index: _app<br> File: /data/codes/queryphp/vendor/hunzhiwange/framework/src/Queryyetsimple/Router/Router.php<br> Line: 302 []
[2018-04-15 22:03][8]: Undefined index: _app<br> File: /data/codes/queryphp/vendor/hunzhiwange/framework/src/Queryyetsimple/Router/Router.php<br> Line: 302 []
[2018-04-15 22:03][8]: Undefined index: _c<br> File: /data/codes/queryphp/vendor/hunzhiwange/framework/src/Queryyetsimple/Router/Router.php<br> Line: 322 []
[2018-04-15 22:03][8]: Undefined index: _a<br> File: /data/codes/queryphp/vendor/hunzhiwange/framework/src/Queryyetsimple/Router/Router.php<br> Line: 342 []
[2018-04-15 22:03][8]: Undefined index: _a<br> File: /data/codes/queryphp/vendor/hunzhiwange/framework/src/Queryyetsimple/Router/Router.php<br> Line: 342 []
[2018-04-15 22:03][8]: Undefined index: _app<br> File: /data/codes/queryphp/vendor/hunzhiwange/framework/src/Queryyetsimple/Router/Router.php<br> Line: 302 []
[2018-04-15 22:03][0] The node \App\Controller\->() is not registered. Router.php line 1368 []
[2018-04-15 22:04][0] The node App\App\Controller\->() is not registered. Router.php line 1368 []
[2018-04-15 22:05][0] The node App\App\Controller\->() is not registered. Router.php line 1375 []
[2018-04-15 22:05][0] The node App\App\Controller\->() is not registered. Router.php line 1375 []
[2018-04-15 22:05][0] The node App\App\Controller\->() is not registered. Router.php line 1375 []
[2018-04-15 22:05][0] The node App\App\Controller\->() is not registered. Router.php line 1375 []
[2018-04-15 22:13][0] The node App\App\Controller\->() is not registered. Router.php line 1375 []
[2018-04-15 22:19][0] Method import is not exits. TMacro.php line 102 []
[2018-04-15 22:19][0] Method import is not exits. TMacro.php line 102 []
[2018-04-15 22:19][0] Method import is not exits. TMacro.php line 102 []
[2018-04-15 22:19][0] Method import is not exits. TMacro.php line 102 []
[2018-04-15 22:19][0] Method import is not exits. TMacro.php line 102 []
[2018-04-15 22:20][8]: Undefined index: url<br> File: /data/codes/queryphp/vendor/hunzhiwange/framework/src/Queryyetsimple/Router/Match/Url.php<br> Line: 194 []
[2018-04-15 22:20][8]: Undefined index: _c<br> File: /data/codes/queryphp/vendor/hunzhiwange/framework/src/Queryyetsimple/Router/Router.php<br> Line: 329 []
[2018-04-15 22:20][8]: Undefined index: _a<br> File: /data/codes/queryphp/vendor/hunzhiwange/framework/src/Queryyetsimple/Router/Router.php<br> Line: 349 []
[2018-04-15 22:20][8]: Undefined index: _c<br> File: /data/codes/queryphp/vendor/hunzhiwange/framework/src/Queryyetsimple/Router/Router.php<br> Line: 329 []
[2018-04-15 22:20][8]: Undefined index: _a<br> File: /data/codes/queryphp/vendor/hunzhiwange/framework/src/Queryyetsimple/Router/Router.php<br> Line: 349 []
[2018-04-15 22:20][8]: Undefined index: _c<br> File: /data/codes/queryphp/vendor/hunzhiwange/framework/src/Queryyetsimple/Router/Router.php<br> Line: 329 []
[2018-04-15 22:20][8]: Undefined index: _a<br> File: /data/codes/queryphp/vendor/hunzhiwange/framework/src/Queryyetsimple/Router/Router.php<br> Line: 349 []
[2018-04-15 22:20][8]: Undefined index: _c<br> File: /data/codes/queryphp/vendor/hunzhiwange/framework/src/Queryyetsimple/Router/Router.php<br> Line: 329 []
[2018-04-15 22:20][8]: Undefined index: _a<br> File: /data/codes/queryphp/vendor/hunzhiwange/framework/src/Queryyetsimple/Router/Router.php<br> Line: 349 []
[2018-04-15 22:20][8]: Undefined index: _c<br> File: /data/codes/queryphp/vendor/hunzhiwange/framework/src/Queryyetsimple/Router/Router.php<br> Line: 329 []
[2018-04-15 22:20][8]: Undefined index: _a<br> File: /data/codes/queryphp/vendor/hunzhiwange/framework/src/Queryyetsimple/Router/Router.php<br> Line: 349 []
[2018-04-15 22:20][8]: Undefined index: _c<br> File: /data/codes/queryphp/vendor/hunzhiwange/framework/src/Queryyetsimple/Router/Router.php<br> Line: 329 []
[2018-04-15 22:20][8]: Undefined index: _a<br> File: /data/codes/queryphp/vendor/hunzhiwange/framework/src/Queryyetsimple/Router/Router.php<br> Line: 349 []
[2018-04-15 22:20][8]: Undefined index: _c<br> File: /data/codes/queryphp/vendor/hunzhiwange/framework/src/Queryyetsimple/Router/Router.php<br> Line: 329 []
[2018-04-15 22:20][8]: Undefined index: _a<br> File: /data/codes/queryphp/vendor/hunzhiwange/framework/src/Queryyetsimple/Router/Router.php<br> Line: 349 []
[2018-04-15 22:20][8]: Undefined index: _a<br> File: /data/codes/queryphp/vendor/hunzhiwange/framework/src/Queryyetsimple/Router/Router.php<br> Line: 349 []
[2018-04-15 22:20][0] The node App\App\Controller\->() is not registered. Router.php line 1109 []
[2018-04-15 22:20][8]: Undefined index: url<br> File: /data/codes/queryphp/vendor/hunzhiwange/framework/src/Queryyetsimple/Router/Match/Url.php<br> Line: 194 []
[2018-04-15 22:20][8]: Undefined index: _c<br> File: /data/codes/queryphp/vendor/hunzhiwange/framework/src/Queryyetsimple/Router/Router.php<br> Line: 329 []
[2018-04-15 22:20][8]: Undefined index: _a<br> File: /data/codes/queryphp/vendor/hunzhiwange/framework/src/Queryyetsimple/Router/Router.php<br> Line: 349 []
[2018-04-15 22:20][8]: Undefined index: _c<br> File: /data/codes/queryphp/vendor/hunzhiwange/framework/src/Queryyetsimple/Router/Router.php<br> Line: 329 []
[2018-04-15 22:20][8]: Undefined index: _a<br> File: /data/codes/queryphp/vendor/hunzhiwange/framework/src/Queryyetsimple/Router/Router.php<br> Line: 349 []
[2018-04-15 22:20][8]: Undefined index: _c<br> File: /data/codes/queryphp/vendor/hunzhiwange/framework/src/Queryyetsimple/Router/Router.php<br> Line: 329 []
[2018-04-15 22:20][8]: Undefined index: _a<br> File: /data/codes/queryphp/vendor/hunzhiwange/framework/src/Queryyetsimple/Router/Router.php<br> Line: 349 []
[2018-04-15 22:20][8]: Undefined index: _c<br> File: /data/codes/queryphp/vendor/hunzhiwange/framework/src/Queryyetsimple/Router/Router.php<br> Line: 329 []
[2018-04-15 22:20][8]: Undefined index: _a<br> File: /data/codes/queryphp/vendor/hunzhiwange/framework/src/Queryyetsimple/Router/Router.php<br> Line: 349 []
[2018-04-15 22:20][8]: Undefined index: _c<br> File: /data/codes/queryphp/vendor/hunzhiwange/framework/src/Queryyetsimple/Router/Router.php<br> Line: 329 []
[2018-04-15 22:20][8]: Undefined index: _a<br> File: /data/codes/queryphp/vendor/hunzhiwange/framework/src/Queryyetsimple/Router/Router.php<br> Line: 349 []
[2018-04-15 22:20][8]: Undefined index: _c<br> File: /data/codes/queryphp/vendor/hunzhiwange/framework/src/Queryyetsimple/Router/Router.php<br> Line: 329 []
[2018-04-15 22:20][8]: Undefined index: _a<br> File: /data/codes/queryphp/vendor/hunzhiwange/framework/src/Queryyetsimple/Router/Router.php<br> Line: 349 []
[2018-04-15 22:20][8]: Undefined index: _c<br> File: /data/codes/queryphp/vendor/hunzhiwange/framework/src/Queryyetsimple/Router/Router.php<br> Line: 329 []
[2018-04-15 22:20][8]: Undefined index: _a<br> File: /data/codes/queryphp/vendor/hunzhiwange/framework/src/Queryyetsimple/Router/Router.php<br> Line: 349 []
[2018-04-15 22:20][8]: Undefined index: _a<br> File: /data/codes/queryphp/vendor/hunzhiwange/framework/src/Queryyetsimple/Router/Router.php<br> Line: 349 []
[2018-04-15 22:20][0] The node App\App\Controller\->() is not registered. Router.php line 1109 []
[2018-04-15 22:23][0] The node Group\App\Controller\Blog->list() is not registered. Router.php line 1109 []
[2018-04-15 22:23][0] The node Group\App\Controller\Blog->list() is not registered. Router.php line 1109 []
[2018-04-15 22:24][0] The node Group\App\Controller\Blog->list() is not registered. Router.php line 1109 []
[2018-04-15 22:24][0] The node Group\App\Controller\Blog->list() is not registered. Router.php line 1109 []
[2018-04-15 22:24][0] The node Group\App\Controller\Blog->list() is not registered. Router.php line 1109 []
[2018-04-15 22:25][0] The node Group\App\Controller\Blog->list() is not registered. Router.php line 1109 []
[2018-04-15 22:25][0] The node Group\App\Controller\Blog->list() is not registered. Router.php line 1109 []
[2018-04-15 22:26][0] Call to undefined function Leevel\Router\Match\prinr_r() Url.php line 224 []
[2018-04-15 22:30][8]: Undefined index: _c<br> File: /data/codes/queryphp/vendor/hunzhiwange/framework/src/Queryyetsimple/Router/Router.php<br> Line: 329 []
[2018-04-15 22:30][8]: Undefined index: _a<br> File: /data/codes/queryphp/vendor/hunzhiwange/framework/src/Queryyetsimple/Router/Router.php<br> Line: 349 []
[2018-04-15 22:30][8]: Undefined index: _c<br> File: /data/codes/queryphp/vendor/hunzhiwange/framework/src/Queryyetsimple/Router/Router.php<br> Line: 329 []
[2018-04-15 22:30][8]: Undefined index: _a<br> File: /data/codes/queryphp/vendor/hunzhiwange/framework/src/Queryyetsimple/Router/Router.php<br> Line: 349 []
[2018-04-15 22:30][8]: Undefined index: _c<br> File: /data/codes/queryphp/vendor/hunzhiwange/framework/src/Queryyetsimple/Router/Router.php<br> Line: 329 []
[2018-04-15 22:30][8]: Undefined index: _a<br> File: /data/codes/queryphp/vendor/hunzhiwange/framework/src/Queryyetsimple/Router/Router.php<br> Line: 349 []
[2018-04-15 22:30][8]: Undefined index: _c<br> File: /data/codes/queryphp/vendor/hunzhiwange/framework/src/Queryyetsimple/Router/Router.php<br> Line: 329 []
[2018-04-15 22:30][8]: Undefined index: _a<br> File: /data/codes/queryphp/vendor/hunzhiwange/framework/src/Queryyetsimple/Router/Router.php<br> Line: 349 []
[2018-04-15 22:30][8]: Undefined index: _c<br> File: /data/codes/queryphp/vendor/hunzhiwange/framework/src/Queryyetsimple/Router/Router.php<br> Line: 329 []
[2018-04-15 22:30][8]: Undefined index: _a<br> File: /data/codes/queryphp/vendor/hunzhiwange/framework/src/Queryyetsimple/Router/Router.php<br> Line: 349 []
[2018-04-15 22:30][8]: Undefined index: _c<br> File: /data/codes/queryphp/vendor/hunzhiwange/framework/src/Queryyetsimple/Router/Router.php<br> Line: 329 []
[2018-04-15 22:30][8]: Undefined index: _a<br> File: /data/codes/queryphp/vendor/hunzhiwange/framework/src/Queryyetsimple/Router/Router.php<br> Line: 349 []
[2018-04-15 22:30][8]: Undefined index: _c<br> File: /data/codes/queryphp/vendor/hunzhiwange/framework/src/Queryyetsimple/Router/Router.php<br> Line: 329 []
[2018-04-15 22:30][8]: Undefined index: _a<br> File: /data/codes/queryphp/vendor/hunzhiwange/framework/src/Queryyetsimple/Router/Router.php<br> Line: 349 []
[2018-04-15 22:30][8]: Undefined index: _a<br> File: /data/codes/queryphp/vendor/hunzhiwange/framework/src/Queryyetsimple/Router/Router.php<br> Line: 349 []
[2018-04-15 22:30][0] The node App\Petstore\Pet\getPetById\App\Controller\->() is not registered. Router.php line 1109 []
